<?xml version="1.0" encoding="UTF-8"?>
<testsuite xmlns:xsi="http://www.w3.org/2001/XMLSchema-instance" xsi:noNamespaceSchemaLocation="https://maven.apache.org/surefire/maven-surefire-plugin/xsd/surefire-test-report.xsd" name="com.in28minutes.microservices.netflixzuulapigatewayserver.NetflixZuulApiGatewayServerApplicationTests" time="9.476" tests="1" errors="1" skipped="0" failures="0">
  <properties>
    <property name="sun.desktop" value="windows"/>
    <property name="awt.toolkit" value="sun.awt.windows.WToolkit"/>
    <property name="file.encoding.pkg" value="sun.io"/>
    <property name="java.specification.version" value="1.8"/>
    <property name="sun.cpu.isalist" value="amd64"/>
    <property name="sun.jnu.encoding" value="Cp1252"/>
    <property name="java.class.path" value="C:\Users\phenrivi\Documents\Plantio SRE\folha_pagamento\netflix-zuul-api-gateway-server\target\test-classes;C:\Users\phenrivi\Documents\Plantio SRE\folha_pagamento\netflix-zuul-api-gateway-server\target\classes;C:\Users\phenrivi\.m2\repository\org\springframework\cloud\spring-cloud-starter-netflix-eureka-client\2.2.3.RELEASE\spring-cloud-starter-netflix-eureka-client-2.2.3.RELEASE.jar;C:\Users\phenrivi\.m2\repository\org\springframework\cloud\spring-cloud-starter\2.2.3.RELEASE\spring-cloud-starter-2.2.3.RELEASE.jar;C:\Users\phenrivi\.m2\repository\org\springframework\cloud\spring-cloud-context\2.2.3.RELEASE\spring-cloud-context-2.2.3.RELEASE.jar;C:\Users\phenrivi\.m2\repository\org\springframework\security\spring-security-rsa\1.0.9.RELEASE\spring-security-rsa-1.0.9.RELEASE.jar;C:\Users\phenrivi\.m2\repository\org\bouncycastle\bcpkix-jdk15on\1.64\bcpkix-jdk15on-1.64.jar;C:\Users\phenrivi\.m2\repository\org\bouncycastle\bcprov-jdk15on\1.64\bcprov-jdk15on-1.64.jar;C:\Users\phenrivi\.m2\repository\org\springframework\cloud\spring-cloud-netflix-hystrix\2.2.3.RELEASE\spring-cloud-netflix-hystrix-2.2.3.RELEASE.jar;C:\Users\phenrivi\.m2\repository\org\springframework\boot\spring-boot-autoconfigure\2.3.1.RELEASE\spring-boot-autoconfigure-2.3.1.RELEASE.jar;C:\Users\phenrivi\.m2\repository\org\springframework\cloud\spring-cloud-netflix-eureka-client\2.2.3.RELEASE\spring-cloud-netflix-eureka-client-2.2.3.RELEASE.jar;C:\Users\phenrivi\.m2\repository\com\netflix\eureka\eureka-client\1.9.21\eureka-client-1.9.21.jar;C:\Users\phenrivi\.m2\repository\org\codehaus\jettison\jettison\1.3.7\jettison-1.3.7.jar;C:\Users\phenrivi\.m2\repository\stax\stax-api\1.0.1\stax-api-1.0.1.jar;C:\Users\phenrivi\.m2\repository\com\netflix\netflix-commons\netflix-eventbus\0.3.0\netflix-eventbus-0.3.0.jar;C:\Users\phenrivi\.m2\repository\com\netflix\netflix-commons\netflix-infix\0.3.0\netflix-infix-0.3.0.jar;C:\Users\phenrivi\.m2\repository\commons-jxpath\commons-jxpath\1.3\commons-jxpath-1.3.jar;C:\Users\phenrivi\.m2\repository\joda-time\joda-time\2.3\joda-time-2.3.jar;C:\Users\phenrivi\.m2\repository\org\antlr\antlr-runtime\3.4\antlr-runtime-3.4.jar;C:\Users\phenrivi\.m2\repository\org\antlr\stringtemplate\3.2.1\stringtemplate-3.2.1.jar;C:\Users\phenrivi\.m2\repository\antlr\antlr\2.7.7\antlr-2.7.7.jar;C:\Users\phenrivi\.m2\repository\com\google\code\gson\gson\2.8.6\gson-2.8.6.jar;C:\Users\phenrivi\.m2\repository\org\apache\commons\commons-math\2.2\commons-math-2.2.jar;C:\Users\phenrivi\.m2\repository\com\netflix\archaius\archaius-core\0.7.6\archaius-core-0.7.6.jar;C:\Users\phenrivi\.m2\repository\com\google\guava\guava\29.0-android\guava-29.0-android.jar;C:\Users\phenrivi\.m2\repository\com\google\guava\failureaccess\1.0.1\failureaccess-1.0.1.jar;C:\Users\phenrivi\.m2\repository\com\google\guava\listenablefuture\9999.0-empty-to-avoid-conflict-with-guava\listenablefuture-9999.0-empty-to-avoid-conflict-with-guava.jar;C:\Users\phenrivi\.m2\repository\org\checkerframework\checker-compat-qual\2.5.5\checker-compat-qual-2.5.5.jar;C:\Users\phenrivi\.m2\repository\com\google\errorprone\error_prone_annotations\2.3.4\error_prone_annotations-2.3.4.jar;C:\Users\phenrivi\.m2\repository\com\google\j2objc\j2objc-annotations\1.3\j2objc-annotations-1.3.jar;C:\Users\phenrivi\.m2\repository\javax\ws\rs\jsr311-api\1.1.1\jsr311-api-1.1.1.jar;C:\Users\phenrivi\.m2\repository\com\netflix\servo\servo-core\0.12.21\servo-core-0.12.21.jar;C:\Users\phenrivi\.m2\repository\com\sun\jersey\jersey-core\1.19.1\jersey-core-1.19.1.jar;C:\Users\phenrivi\.m2\repository\com\sun\jersey\jersey-client\1.19.1\jersey-client-1.19.1.jar;C:\Users\phenrivi\.m2\repository\com\sun\jersey\contribs\jersey-apache-client4\1.19.1\jersey-apache-client4-1.19.1.jar;C:\Users\phenrivi\.m2\repository\org\apache\httpcomponents\httpclient\4.5.12\httpclient-4.5.12.jar;C:\Users\phenrivi\.m2\repository\org\apache\httpcomponents\httpcore\4.4.13\httpcore-4.4.13.jar;C:\Users\phenrivi\.m2\repository\commons-codec\commons-codec\1.14\commons-codec-1.14.jar;C:\Users\phenrivi\.m2\repository\commons-configuration\commons-configuration\1.10\commons-configuration-1.10.jar;C:\Users\phenrivi\.m2\repository\commons-lang\commons-lang\2.6\commons-lang-2.6.jar;C:\Users\phenrivi\.m2\repository\com\google\inject\guice\4.1.0\guice-4.1.0.jar;C:\Users\phenrivi\.m2\repository\javax\inject\javax.inject\1\javax.inject-1.jar;C:\Users\phenrivi\.m2\repository\aopalliance\aopalliance\1.0\aopalliance-1.0.jar;C:\Users\phenrivi\.m2\repository\com\fasterxml\jackson\core\jackson-annotations\2.11.0\jackson-annotations-2.11.0.jar;C:\Users\phenrivi\.m2\repository\com\fasterxml\jackson\core\jackson-core\2.11.0\jackson-core-2.11.0.jar;C:\Users\phenrivi\.m2\repository\com\fasterxml\jackson\core\jackson-databind\2.11.0\jackson-databind-2.11.0.jar;C:\Users\phenrivi\.m2\repository\com\fasterxml\woodstox\woodstox-core\5.3.0\woodstox-core-5.3.0.jar;C:\Users\phenrivi\.m2\repository\org\codehaus\woodstox\stax2-api\4.2\stax2-api-4.2.jar;C:\Users\phenrivi\.m2\repository\com\netflix\eureka\eureka-core\1.9.21\eureka-core-1.9.21.jar;C:\Users\phenrivi\.m2\repository\org\springframework\cloud\spring-cloud-starter-netflix-archaius\2.2.3.RELEASE\spring-cloud-starter-netflix-archaius-2.2.3.RELEASE.jar;C:\Users\phenrivi\.m2\repository\org\springframework\cloud\spring-cloud-netflix-ribbon\2.2.3.RELEASE\spring-cloud-netflix-ribbon-2.2.3.RELEASE.jar;C:\Users\phenrivi\.m2\repository\org\springframework\cloud\spring-cloud-netflix-archaius\2.2.3.RELEASE\spring-cloud-netflix-archaius-2.2.3.RELEASE.jar;C:\Users\phenrivi\.m2\repository\org\springframework\cloud\spring-cloud-starter-netflix-ribbon\2.2.3.RELEASE\spring-cloud-starter-netflix-ribbon-2.2.3.RELEASE.jar;C:\Users\phenrivi\.m2\repository\com\netflix\ribbon\ribbon\2.3.0\ribbon-2.3.0.jar;C:\Users\phenrivi\.m2\repository\com\netflix\ribbon\ribbon-transport\2.3.0\ribbon-transport-2.3.0.jar;C:\Users\phenrivi\.m2\repository\io\reactivex\rxnetty-contexts\0.4.9\rxnetty-contexts-0.4.9.jar;C:\Users\phenrivi\.m2\repository\io\reactivex\rxnetty-servo\0.4.9\rxnetty-servo-0.4.9.jar;C:\Users\phenrivi\.m2\repository\io\reactivex\rxnetty\0.4.9\rxnetty-0.4.9.jar;C:\Users\phenrivi\.m2\repository\com\netflix\ribbon\ribbon-core\2.3.0\ribbon-core-2.3.0.jar;C:\Users\phenrivi\.m2\repository\com\netflix\ribbon\ribbon-httpclient\2.3.0\ribbon-httpclient-2.3.0.jar;C:\Users\phenrivi\.m2\repository\commons-collections\commons-collections\3.2.2\commons-collections-3.2.2.jar;C:\Users\phenrivi\.m2\repository\com\netflix\ribbon\ribbon-loadbalancer\2.3.0\ribbon-loadbalancer-2.3.0.jar;C:\Users\phenrivi\.m2\repository\com\netflix\netflix-commons\netflix-statistics\0.1.1\netflix-statistics-0.1.1.jar;C:\Users\phenrivi\.m2\repository\io\reactivex\rxjava\1.3.8\rxjava-1.3.8.jar;C:\Users\phenrivi\.m2\repository\org\springframework\cloud\spring-cloud-starter-loadbalancer\2.2.3.RELEASE\spring-cloud-starter-loadbalancer-2.2.3.RELEASE.jar;C:\Users\phenrivi\.m2\repository\org\springframework\cloud\spring-cloud-loadbalancer\2.2.3.RELEASE\spring-cloud-loadbalancer-2.2.3.RELEASE.jar;C:\Users\phenrivi\.m2\repository\org\springframework\boot\spring-boot-starter-validation\2.3.1.RELEASE\spring-boot-starter-validation-2.3.1.RELEASE.jar;C:\Users\phenrivi\.m2\repository\org\hibernate\validator\hibernate-validator\6.1.5.Final\hibernate-validator-6.1.5.Final.jar;C:\Users\phenrivi\.m2\repository\jakarta\validation\jakarta.validation-api\2.0.2\jakarta.validation-api-2.0.2.jar;C:\Users\phenrivi\.m2\repository\org\jboss\logging\jboss-logging\3.4.1.Final\jboss-logging-3.4.1.Final.jar;C:\Users\phenrivi\.m2\repository\com\fasterxml\classmate\1.5.1\classmate-1.5.1.jar;C:\Users\phenrivi\.m2\repository\io\projectreactor\reactor-core\3.3.6.RELEASE\reactor-core-3.3.6.RELEASE.jar;C:\Users\phenrivi\.m2\repository\io\projectreactor\addons\reactor-extra\3.3.3.RELEASE\reactor-extra-3.3.3.RELEASE.jar;C:\Users\phenrivi\.m2\repository\org\springframework\boot\spring-boot-starter-cache\2.3.1.RELEASE\spring-boot-starter-cache-2.3.1.RELEASE.jar;C:\Users\phenrivi\.m2\repository\org\springframework\spring-context-support\5.2.7.RELEASE\spring-context-support-5.2.7.RELEASE.jar;C:\Users\phenrivi\.m2\repository\com\stoyanr\evictor\1.0.0\evictor-1.0.0.jar;C:\Users\phenrivi\.m2\repository\com\netflix\ribbon\ribbon-eureka\2.3.0\ribbon-eureka-2.3.0.jar;C:\Users\phenrivi\.m2\repository\org\slf4j\slf4j-api\1.7.30\slf4j-api-1.7.30.jar;C:\Users\phenrivi\.m2\repository\com\thoughtworks\xstream\xstream\1.4.11.1\xstream-1.4.11.1.jar;C:\Users\phenrivi\.m2\repository\xmlpull\xmlpull\1.1.3.1\xmlpull-1.1.3.1.jar;C:\Users\phenrivi\.m2\repository\xpp3\xpp3_min\1.1.4c\xpp3_min-1.1.4c.jar;C:\Users\phenrivi\.m2\repository\io\opentracing\contrib\opentracing-spring-cloud-starter\0.5.9\opentracing-spring-cloud-starter-0.5.9.jar;C:\Users\phenrivi\.m2\repository\io\opentracing\contrib\opentracing-spring-cloud-core\0.5.9\opentracing-spring-cloud-core-0.5.9.jar;C:\Users\phenrivi\.m2\repository\io\opentracing\contrib\opentracing-spring-tracer-configuration-starter\0.3.1\opentracing-spring-tracer-configuration-starter-0.3.1.jar;C:\Users\phenrivi\.m2\repository\io\opentracing\opentracing-noop\0.33.0\opentracing-noop-0.33.0.jar;C:\Users\phenrivi\.m2\repository\io\opentracing\opentracing-util\0.33.0\opentracing-util-0.33.0.jar;C:\Users\phenrivi\.m2\repository\io\opentracing\contrib\opentracing-concurrent\0.4.0\opentracing-concurrent-0.4.0.jar;C:\Users\phenrivi\.m2\repository\io\opentracing\contrib\opentracing-spring-web-starter\4.1.0\opentracing-spring-web-starter-4.1.0.jar;C:\Users\phenrivi\.m2\repository\io\opentracing\contrib\opentracing-spring-web\4.1.0\opentracing-spring-web-4.1.0.jar;C:\Users\phenrivi\.m2\repository\io\opentracing\contrib\opentracing-web-servlet-filter\0.4.0\opentracing-web-servlet-filter-0.4.0.jar;C:\Users\phenrivi\.m2\repository\io\opentracing\contrib\opentracing-tracerresolver\0.1.8\opentracing-tracerresolver-0.1.8.jar;C:\Users\phenrivi\.m2\repository\io\opentracing\contrib\opentracing-spring-messaging-starter\1.0.0\opentracing-spring-messaging-starter-1.0.0.jar;C:\Users\phenrivi\.m2\repository\io\opentracing\contrib\opentracing-spring-messaging\1.0.0\opentracing-spring-messaging-1.0.0.jar;C:\Users\phenrivi\.m2\repository\io\opentracing\contrib\opentracing-spring-rabbitmq-starter\3.0.0\opentracing-spring-rabbitmq-starter-3.0.0.jar;C:\Users\phenrivi\.m2\repository\io\opentracing\contrib\opentracing-spring-rabbitmq\3.0.0\opentracing-spring-rabbitmq-3.0.0.jar;C:\Users\phenrivi\.m2\repository\io\opentracing\contrib\opentracing-spring-cloud-jdbc-starter\0.5.9\opentracing-spring-cloud-jdbc-starter-0.5.9.jar;C:\Users\phenrivi\.m2\repository\io\opentracing\contrib\opentracing-jdbc\0.2.11\opentracing-jdbc-0.2.11.jar;C:\Users\phenrivi\.m2\repository\io\opentracing\contrib\common\0.1.4\common-0.1.4.jar;C:\Users\phenrivi\.m2\repository\io\opentracing\contrib\opentracing-spring-cloud-jms-starter\0.5.9\opentracing-spring-cloud-jms-starter-0.5.9.jar;C:\Users\phenrivi\.m2\repository\io\opentracing\contrib\opentracing-jms-spring\0.1.7\opentracing-jms-spring-0.1.7.jar;C:\Users\phenrivi\.m2\repository\io\opentracing\contrib\opentracing-jms-2\0.1.7\opentracing-jms-2-0.1.7.jar;C:\Users\phenrivi\.m2\repository\io\opentracing\contrib\opentracing-jms-common\0.1.7\opentracing-jms-common-0.1.7.jar;C:\Users\phenrivi\.m2\repository\io\opentracing\contrib\opentracing-spring-cloud-kafka-starter\0.5.9\opentracing-spring-cloud-kafka-starter-0.5.9.jar;C:\Users\phenrivi\.m2\repository\io\opentracing\contrib\opentracing-kafka-spring\0.1.15\opentracing-kafka-spring-0.1.15.jar;C:\Users\phenrivi\.m2\repository\io\opentracing\contrib\opentracing-kafka-client\0.1.15\opentracing-kafka-client-0.1.15.jar;C:\Users\phenrivi\.m2\repository\io\opentracing\contrib\opentracing-spring-cloud-feign-starter\0.5.9\opentracing-spring-cloud-feign-starter-0.5.9.jar;C:\Users\phenrivi\.m2\repository\io\github\openfeign\opentracing\feign-opentracing\0.4.0\feign-opentracing-0.4.0.jar;C:\Users\phenrivi\.m2\repository\io\github\openfeign\opentracing\feign-hystrix-opentracing\0.4.0\feign-hystrix-opentracing-0.4.0.jar;C:\Users\phenrivi\.m2\repository\io\opentracing\contrib\opentracing-spring-cloud-hystrix-starter\0.5.9\opentracing-spring-cloud-hystrix-starter-0.5.9.jar;C:\Users\phenrivi\.m2\repository\io\opentracing\contrib\opentracing-spring-cloud-reactor-starter\0.5.9\opentracing-spring-cloud-reactor-starter-0.5.9.jar;C:\Users\phenrivi\.m2\repository\io\opentracing\contrib\opentracing-reactor\0.2.0\opentracing-reactor-0.2.0.jar;C:\Users\phenrivi\.m2\repository\io\opentracing\contrib\opentracing-spring-cloud-rxjava-starter\0.5.9\opentracing-spring-cloud-rxjava-starter-0.5.9.jar;C:\Users\phenrivi\.m2\repository\io\opentracing\contrib\opentracing-rxjava-1\0.1.3\opentracing-rxjava-1-0.1.3.jar;C:\Users\phenrivi\.m2\repository\io\opentracing\contrib\opentracing-spring-cloud-redis-starter\0.5.9\opentracing-spring-cloud-redis-starter-0.5.9.jar;C:\Users\phenrivi\.m2\repository\io\opentracing\contrib\opentracing-redis-spring-data2\0.1.14\opentracing-redis-spring-data2-0.1.14.jar;C:\Users\phenrivi\.m2\repository\io\opentracing\contrib\opentracing-redis-common\0.1.14\opentracing-redis-common-0.1.14.jar;C:\Users\phenrivi\.m2\repository\io\opentracing\contrib\opentracing-spring-cloud-mongo-starter\0.5.9\opentracing-spring-cloud-mongo-starter-0.5.9.jar;C:\Users\phenrivi\.m2\repository\io\opentracing\contrib\opentracing-mongo-driver\0.1.5\opentracing-mongo-driver-0.1.5.jar;C:\Users\phenrivi\.m2\repository\io\opentracing\contrib\opentracing-mongo-common\0.1.5\opentracing-mongo-common-0.1.5.jar;C:\Users\phenrivi\.m2\repository\io\opentracing\contrib\opentracing-spring-cloud-websocket-starter\0.5.9\opentracing-spring-cloud-websocket-starter-0.5.9.jar;C:\Users\phenrivi\.m2\repository\io\opentracing\contrib\opentracing-spring-cloud-zuul-starter\0.5.9\opentracing-spring-cloud-zuul-starter-0.5.9.jar;C:\Users\phenrivi\.m2\repository\io\opentracing\contrib\opentracing-spring-cloud-gateway-starter\0.5.9\opentracing-spring-cloud-gateway-starter-0.5.9.jar;C:\Users\phenrivi\.m2\repository\io\opentracing\opentracing-api\0.33.0\opentracing-api-0.33.0.jar;C:\Users\phenrivi\.m2\repository\io\opentracing\contrib\opentracing-spring-jaeger-cloud-starter\3.1.2\opentracing-spring-jaeger-cloud-starter-3.1.2.jar;C:\Users\phenrivi\.m2\repository\io\opentracing\contrib\opentracing-spring-jaeger-starter\3.1.2\opentracing-spring-jaeger-starter-3.1.2.jar;C:\Users\phenrivi\.m2\repository\io\jaegertracing\jaeger-client\1.1.0\jaeger-client-1.1.0.jar;C:\Users\phenrivi\.m2\repository\io\jaegertracing\jaeger-thrift\1.1.0\jaeger-thrift-1.1.0.jar;C:\Users\phenrivi\.m2\repository\org\apache\thrift\libthrift\0.13.0\libthrift-0.13.0.jar;C:\Users\phenrivi\.m2\repository\javax\annotation\javax.annotation-api\1.3.2\javax.annotation-api-1.3.2.jar;C:\Users\phenrivi\.m2\repository\com\squareup\okhttp3\okhttp\3.14.9\okhttp-3.14.9.jar;C:\Users\phenrivi\.m2\repository\com\squareup\okio\okio\1.17.2\okio-1.17.2.jar;C:\Users\phenrivi\.m2\repository\io\jaegertracing\jaeger-core\1.1.0\jaeger-core-1.1.0.jar;C:\Users\phenrivi\.m2\repository\io\jaegertracing\jaeger-tracerresolver\1.1.0\jaeger-tracerresolver-1.1.0.jar;C:\Users\phenrivi\.m2\repository\org\springframework\boot\spring-boot-starter-actuator\2.3.1.RELEASE\spring-boot-starter-actuator-2.3.1.RELEASE.jar;C:\Users\phenrivi\.m2\repository\org\springframework\boot\spring-boot-starter\2.3.1.RELEASE\spring-boot-starter-2.3.1.RELEASE.jar;C:\Users\phenrivi\.m2\repository\org\springframework\boot\spring-boot\2.3.1.RELEASE\spring-boot-2.3.1.RELEASE.jar;C:\Users\phenrivi\.m2\repository\org\springframework\boot\spring-boot-starter-logging\2.3.1.RELEASE\spring-boot-starter-logging-2.3.1.RELEASE.jar;C:\Users\phenrivi\.m2\repository\ch\qos\logback\logback-classic\1.2.3\logback-classic-1.2.3.jar;C:\Users\phenrivi\.m2\repository\ch\qos\logback\logback-core\1.2.3\logback-core-1.2.3.jar;C:\Users\phenrivi\.m2\repository\org\apache\logging\log4j\log4j-to-slf4j\2.13.3\log4j-to-slf4j-2.13.3.jar;C:\Users\phenrivi\.m2\repository\org\apache\logging\log4j\log4j-api\2.13.3\log4j-api-2.13.3.jar;C:\Users\phenrivi\.m2\repository\org\slf4j\jul-to-slf4j\1.7.30\jul-to-slf4j-1.7.30.jar;C:\Users\phenrivi\.m2\repository\jakarta\annotation\jakarta.annotation-api\1.3.5\jakarta.annotation-api-1.3.5.jar;C:\Users\phenrivi\.m2\repository\org\yaml\snakeyaml\1.26\snakeyaml-1.26.jar;C:\Users\phenrivi\.m2\repository\org\springframework\boot\spring-boot-actuator-autoconfigure\2.3.1.RELEASE\spring-boot-actuator-autoconfigure-2.3.1.RELEASE.jar;C:\Users\phenrivi\.m2\repository\org\springframework\boot\spring-boot-actuator\2.3.1.RELEASE\spring-boot-actuator-2.3.1.RELEASE.jar;C:\Users\phenrivi\.m2\repository\com\fasterxml\jackson\datatype\jackson-datatype-jsr310\2.11.0\jackson-datatype-jsr310-2.11.0.jar;C:\Users\phenrivi\.m2\repository\io\micrometer\micrometer-core\1.5.1\micrometer-core-1.5.1.jar;C:\Users\phenrivi\.m2\repository\org\hdrhistogram\HdrHistogram\2.1.12\HdrHistogram-2.1.12.jar;C:\Users\phenrivi\.m2\repository\org\latencyutils\LatencyUtils\2.0.3\LatencyUtils-2.0.3.jar;C:\Users\phenrivi\.m2\repository\io\micrometer\micrometer-registry-prometheus\1.5.1\micrometer-registry-prometheus-1.5.1.jar;C:\Users\phenrivi\.m2\repository\io\prometheus\simpleclient_common\0.8.1\simpleclient_common-0.8.1.jar;C:\Users\phenrivi\.m2\repository\io\prometheus\simpleclient\0.8.1\simpleclient-0.8.1.jar;C:\Users\phenrivi\.m2\repository\org\springframework\cloud\spring-cloud-starter-netflix-zuul\2.2.3.RELEASE\spring-cloud-starter-netflix-zuul-2.2.3.RELEASE.jar;C:\Users\phenrivi\.m2\repository\org\springframework\cloud\spring-cloud-netflix-zuul\2.2.3.RELEASE\spring-cloud-netflix-zuul-2.2.3.RELEASE.jar;C:\Users\phenrivi\.m2\repository\com\netflix\netflix-commons\netflix-commons-util\0.3.0\netflix-commons-util-0.3.0.jar;C:\Users\phenrivi\.m2\repository\org\springframework\boot\spring-boot-starter-web\2.3.1.RELEASE\spring-boot-starter-web-2.3.1.RELEASE.jar;C:\Users\phenrivi\.m2\repository\org\springframework\boot\spring-boot-starter-json\2.3.1.RELEASE\spring-boot-starter-json-2.3.1.RELEASE.jar;C:\Users\phenrivi\.m2\repository\com\fasterxml\jackson\datatype\jackson-datatype-jdk8\2.11.0\jackson-datatype-jdk8-2.11.0.jar;C:\Users\phenrivi\.m2\repository\com\fasterxml\jackson\module\jackson-module-parameter-names\2.11.0\jackson-module-parameter-names-2.11.0.jar;C:\Users\phenrivi\.m2\repository\org\springframework\boot\spring-boot-starter-tomcat\2.3.1.RELEASE\spring-boot-starter-tomcat-2.3.1.RELEASE.jar;C:\Users\phenrivi\.m2\repository\org\apache\tomcat\embed\tomcat-embed-core\9.0.36\tomcat-embed-core-9.0.36.jar;C:\Users\phenrivi\.m2\repository\org\glassfish\jakarta.el\3.0.3\jakarta.el-3.0.3.jar;C:\Users\phenrivi\.m2\repository\org\apache\tomcat\embed\tomcat-embed-websocket\9.0.36\tomcat-embed-websocket-9.0.36.jar;C:\Users\phenrivi\.m2\repository\org\springframework\spring-webmvc\5.2.7.RELEASE\spring-webmvc-5.2.7.RELEASE.jar;C:\Users\phenrivi\.m2\repository\org\springframework\spring-expression\5.2.7.RELEASE\spring-expression-5.2.7.RELEASE.jar;C:\Users\phenrivi\.m2\repository\org\springframework\cloud\spring-cloud-starter-netflix-hystrix\2.2.3.RELEASE\spring-cloud-starter-netflix-hystrix-2.2.3.RELEASE.jar;C:\Users\phenrivi\.m2\repository\com\netflix\hystrix\hystrix-core\1.5.18\hystrix-core-1.5.18.jar;C:\Users\phenrivi\.m2\repository\com\netflix\hystrix\hystrix-serialization\1.5.18\hystrix-serialization-1.5.18.jar;C:\Users\phenrivi\.m2\repository\com\fasterxml\jackson\module\jackson-module-afterburner\2.11.0\jackson-module-afterburner-2.11.0.jar;C:\Users\phenrivi\.m2\repository\com\netflix\hystrix\hystrix-metrics-event-stream\1.5.18\hystrix-metrics-event-stream-1.5.18.jar;C:\Users\phenrivi\.m2\repository\com\netflix\hystrix\hystrix-javanica\1.5.18\hystrix-javanica-1.5.18.jar;C:\Users\phenrivi\.m2\repository\org\apache\commons\commons-lang3\3.10\commons-lang3-3.10.jar;C:\Users\phenrivi\.m2\repository\org\ow2\asm\asm\5.0.4\asm-5.0.4.jar;C:\Users\phenrivi\.m2\repository\io\reactivex\rxjava-reactive-streams\1.2.1\rxjava-reactive-streams-1.2.1.jar;C:\Users\phenrivi\.m2\repository\org\reactivestreams\reactive-streams\1.0.3\reactive-streams-1.0.3.jar;C:\Users\phenrivi\.m2\repository\com\netflix\zuul\zuul-core\1.3.1\zuul-core-1.3.1.jar;C:\Users\phenrivi\.m2\repository\commons-io\commons-io\2.4\commons-io-2.4.jar;C:\Users\phenrivi\.m2\repository\org\springframework\cloud\spring-cloud-starter-sleuth\2.2.3.RELEASE\spring-cloud-starter-sleuth-2.2.3.RELEASE.jar;C:\Users\phenrivi\.m2\repository\org\springframework\boot\spring-boot-starter-aop\2.3.1.RELEASE\spring-boot-starter-aop-2.3.1.RELEASE.jar;C:\Users\phenrivi\.m2\repository\org\springframework\spring-aop\5.2.7.RELEASE\spring-aop-5.2.7.RELEASE.jar;C:\Users\phenrivi\.m2\repository\org\aspectj\aspectjweaver\1.9.5\aspectjweaver-1.9.5.jar;C:\Users\phenrivi\.m2\repository\org\springframework\cloud\spring-cloud-sleuth-core\2.2.3.RELEASE\spring-cloud-sleuth-core-2.2.3.RELEASE.jar;C:\Users\phenrivi\.m2\repository\org\springframework\spring-context\5.2.7.RELEASE\spring-context-5.2.7.RELEASE.jar;C:\Users\phenrivi\.m2\repository\org\aspectj\aspectjrt\1.9.5\aspectjrt-1.9.5.jar;C:\Users\phenrivi\.m2\repository\io\zipkin\brave\brave\5.12.3\brave-5.12.3.jar;C:\Users\phenrivi\.m2\repository\io\zipkin\brave\brave-context-slf4j\5.12.3\brave-context-slf4j-5.12.3.jar;C:\Users\phenrivi\.m2\repository\io\zipkin\brave\brave-instrumentation-messaging\5.12.3\brave-instrumentation-messaging-5.12.3.jar;C:\Users\phenrivi\.m2\repository\io\zipkin\brave\brave-instrumentation-rpc\5.12.3\brave-instrumentation-rpc-5.12.3.jar;C:\Users\phenrivi\.m2\repository\io\zipkin\brave\brave-instrumentation-spring-web\5.12.3\brave-instrumentation-spring-web-5.12.3.jar;C:\Users\phenrivi\.m2\repository\io\zipkin\brave\brave-instrumentation-http\5.12.3\brave-instrumentation-http-5.12.3.jar;C:\Users\phenrivi\.m2\repository\io\zipkin\brave\brave-instrumentation-spring-rabbit\5.12.3\brave-instrumentation-spring-rabbit-5.12.3.jar;C:\Users\phenrivi\.m2\repository\io\zipkin\brave\brave-instrumentation-kafka-clients\5.12.3\brave-instrumentation-kafka-clients-5.12.3.jar;C:\Users\phenrivi\.m2\repository\io\zipkin\brave\brave-instrumentation-kafka-streams\5.12.3\brave-instrumentation-kafka-streams-5.12.3.jar;C:\Users\phenrivi\.m2\repository\io\zipkin\brave\brave-instrumentation-httpclient\5.12.3\brave-instrumentation-httpclient-5.12.3.jar;C:\Users\phenrivi\.m2\repository\io\zipkin\brave\brave-instrumentation-httpasyncclient\5.12.3\brave-instrumentation-httpasyncclient-5.12.3.jar;C:\Users\phenrivi\.m2\repository\io\zipkin\brave\brave-instrumentation-spring-webmvc\5.12.3\brave-instrumentation-spring-webmvc-5.12.3.jar;C:\Users\phenrivi\.m2\repository\io\zipkin\brave\brave-instrumentation-servlet\5.12.3\brave-instrumentation-servlet-5.12.3.jar;C:\Users\phenrivi\.m2\repository\io\zipkin\brave\brave-instrumentation-jms\5.12.3\brave-instrumentation-jms-5.12.3.jar;C:\Users\phenrivi\.m2\repository\io\zipkin\reporter2\zipkin-reporter-metrics-micrometer\2.15.0\zipkin-reporter-metrics-micrometer-2.15.0.jar;C:\Users\phenrivi\.m2\repository\org\springframework\cloud\spring-cloud-sleuth-zipkin\2.2.3.RELEASE\spring-cloud-sleuth-zipkin-2.2.3.RELEASE.jar;C:\Users\phenrivi\.m2\repository\org\springframework\spring-web\5.2.7.RELEASE\spring-web-5.2.7.RELEASE.jar;C:\Users\phenrivi\.m2\repository\org\springframework\spring-beans\5.2.7.RELEASE\spring-beans-5.2.7.RELEASE.jar;C:\Users\phenrivi\.m2\repository\org\springframework\cloud\spring-cloud-commons\2.2.3.RELEASE\spring-cloud-commons-2.2.3.RELEASE.jar;C:\Users\phenrivi\.m2\repository\org\springframework\security\spring-security-crypto\5.3.3.RELEASE\spring-security-crypto-5.3.3.RELEASE.jar;C:\Users\phenrivi\.m2\repository\io\zipkin\zipkin2\zipkin\2.21.1\zipkin-2.21.1.jar;C:\Users\phenrivi\.m2\repository\io\zipkin\reporter2\zipkin-reporter\2.15.0\zipkin-reporter-2.15.0.jar;C:\Users\phenrivi\.m2\repository\io\zipkin\reporter2\zipkin-reporter-brave\2.15.0\zipkin-reporter-brave-2.15.0.jar;C:\Users\phenrivi\.m2\repository\io\zipkin\reporter2\zipkin-sender-kafka\2.15.0\zipkin-sender-kafka-2.15.0.jar;C:\Users\phenrivi\.m2\repository\io\zipkin\reporter2\zipkin-sender-activemq-client\2.15.0\zipkin-sender-activemq-client-2.15.0.jar;C:\Users\phenrivi\.m2\repository\io\zipkin\reporter2\zipkin-sender-amqp-client\2.15.0\zipkin-sender-amqp-client-2.15.0.jar;C:\Users\phenrivi\.m2\repository\org\springframework\cloud\spring-cloud-starter-bus-amqp\2.2.2.RELEASE\spring-cloud-starter-bus-amqp-2.2.2.RELEASE.jar;C:\Users\phenrivi\.m2\repository\org\springframework\cloud\spring-cloud-starter-stream-rabbit\3.0.5.RELEASE\spring-cloud-starter-stream-rabbit-3.0.5.RELEASE.jar;C:\Users\phenrivi\.m2\repository\org\springframework\cloud\spring-cloud-stream-binder-rabbit\3.0.5.RELEASE\spring-cloud-stream-binder-rabbit-3.0.5.RELEASE.jar;C:\Users\phenrivi\.m2\repository\org\springframework\cloud\spring-cloud-stream-binder-rabbit-core\3.0.5.RELEASE\spring-cloud-stream-binder-rabbit-core-3.0.5.RELEASE.jar;C:\Users\phenrivi\.m2\repository\org\springframework\integration\spring-integration-amqp\5.3.1.RELEASE\spring-integration-amqp-5.3.1.RELEASE.jar;C:\Users\phenrivi\.m2\repository\com\rabbitmq\http-client\2.1.0.RELEASE\http-client-2.1.0.RELEASE.jar;C:\Users\phenrivi\.m2\repository\org\springframework\boot\spring-boot-starter-amqp\2.3.1.RELEASE\spring-boot-starter-amqp-2.3.1.RELEASE.jar;C:\Users\phenrivi\.m2\repository\org\springframework\amqp\spring-rabbit\2.2.7.RELEASE\spring-rabbit-2.2.7.RELEASE.jar;C:\Users\phenrivi\.m2\repository\com\rabbitmq\amqp-client\5.9.0\amqp-client-5.9.0.jar;C:\Users\phenrivi\.m2\repository\org\springframework\amqp\spring-amqp\2.2.7.RELEASE\spring-amqp-2.2.7.RELEASE.jar;C:\Users\phenrivi\.m2\repository\org\springframework\integration\spring-integration-jmx\5.3.1.RELEASE\spring-integration-jmx-5.3.1.RELEASE.jar;C:\Users\phenrivi\.m2\repository\org\springframework\cloud\spring-cloud-bus\2.2.2.RELEASE\spring-cloud-bus-2.2.2.RELEASE.jar;C:\Users\phenrivi\.m2\repository\org\springframework\cloud\spring-cloud-stream\3.0.5.RELEASE\spring-cloud-stream-3.0.5.RELEASE.jar;C:\Users\phenrivi\.m2\repository\org\springframework\spring-messaging\5.2.7.RELEASE\spring-messaging-5.2.7.RELEASE.jar;C:\Users\phenrivi\.m2\repository\org\springframework\retry\spring-retry\1.2.5.RELEASE\spring-retry-1.2.5.RELEASE.jar;C:\Users\phenrivi\.m2\repository\org\springframework\cloud\spring-cloud-function-context\3.0.7.RELEASE\spring-cloud-function-context-3.0.7.RELEASE.jar;C:\Users\phenrivi\.m2\repository\net\jodah\typetools\0.6.2\typetools-0.6.2.jar;C:\Users\phenrivi\.m2\repository\org\springframework\cloud\spring-cloud-function-core\3.0.7.RELEASE\spring-cloud-function-core-3.0.7.RELEASE.jar;C:\Users\phenrivi\.m2\repository\org\springframework\integration\spring-integration-core\5.3.1.RELEASE\spring-integration-core-5.3.1.RELEASE.jar;C:\Users\phenrivi\.m2\repository\org\springframework\spring-tx\5.2.7.RELEASE\spring-tx-5.2.7.RELEASE.jar;C:\Users\phenrivi\.m2\repository\org\springframework\boot\spring-boot-starter-test\2.3.1.RELEASE\spring-boot-starter-test-2.3.1.RELEASE.jar;C:\Users\phenrivi\.m2\repository\org\springframework\boot\spring-boot-test\2.3.1.RELEASE\spring-boot-test-2.3.1.RELEASE.jar;C:\Users\phenrivi\.m2\repository\org\springframework\boot\spring-boot-test-autoconfigure\2.3.1.RELEASE\spring-boot-test-autoconfigure-2.3.1.RELEASE.jar;C:\Users\phenrivi\.m2\repository\com\jayway\jsonpath\json-path\2.4.0\json-path-2.4.0.jar;C:\Users\phenrivi\.m2\repository\net\minidev\json-smart\2.3\json-smart-2.3.jar;C:\Users\phenrivi\.m2\repository\net\minidev\accessors-smart\1.2\accessors-smart-1.2.jar;C:\Users\phenrivi\.m2\repository\jakarta\xml\bind\jakarta.xml.bind-api\2.3.3\jakarta.xml.bind-api-2.3.3.jar;C:\Users\phenrivi\.m2\repository\jakarta\activation\jakarta.activation-api\1.2.2\jakarta.activation-api-1.2.2.jar;C:\Users\phenrivi\.m2\repository\org\assertj\assertj-core\3.16.1\assertj-core-3.16.1.jar;C:\Users\phenrivi\.m2\repository\org\hamcrest\hamcrest\2.2\hamcrest-2.2.jar;C:\Users\phenrivi\.m2\repository\org\junit\jupiter\junit-jupiter\5.6.2\junit-jupiter-5.6.2.jar;C:\Users\phenrivi\.m2\repository\org\junit\jupiter\junit-jupiter-api\5.6.2\junit-jupiter-api-5.6.2.jar;C:\Users\phenrivi\.m2\repository\org\opentest4j\opentest4j\1.2.0\opentest4j-1.2.0.jar;C:\Users\phenrivi\.m2\repository\org\junit\platform\junit-platform-commons\1.6.2\junit-platform-commons-1.6.2.jar;C:\Users\phenrivi\.m2\repository\org\junit\jupiter\junit-jupiter-params\5.6.2\junit-jupiter-params-5.6.2.jar;C:\Users\phenrivi\.m2\repository\org\junit\jupiter\junit-jupiter-engine\5.6.2\junit-jupiter-engine-5.6.2.jar;C:\Users\phenrivi\.m2\repository\org\junit\vintage\junit-vintage-engine\5.6.2\junit-vintage-engine-5.6.2.jar;C:\Users\phenrivi\.m2\repository\org\apiguardian\apiguardian-api\1.1.0\apiguardian-api-1.1.0.jar;C:\Users\phenrivi\.m2\repository\org\junit\platform\junit-platform-engine\1.6.2\junit-platform-engine-1.6.2.jar;C:\Users\phenrivi\.m2\repository\junit\junit\4.13\junit-4.13.jar;C:\Users\phenrivi\.m2\repository\org\mockito\mockito-core\3.3.3\mockito-core-3.3.3.jar;C:\Users\phenrivi\.m2\repository\net\bytebuddy\byte-buddy\1.10.11\byte-buddy-1.10.11.jar;C:\Users\phenrivi\.m2\repository\net\bytebuddy\byte-buddy-agent\1.10.11\byte-buddy-agent-1.10.11.jar;C:\Users\phenrivi\.m2\repository\org\objenesis\objenesis\2.6\objenesis-2.6.jar;C:\Users\phenrivi\.m2\repository\org\mockito\mockito-junit-jupiter\3.3.3\mockito-junit-jupiter-3.3.3.jar;C:\Users\phenrivi\.m2\repository\org\skyscreamer\jsonassert\1.5.0\jsonassert-1.5.0.jar;C:\Users\phenrivi\.m2\repository\com\vaadin\external\google\android-json\0.0.20131108.vaadin1\android-json-0.0.20131108.vaadin1.jar;C:\Users\phenrivi\.m2\repository\org\springframework\spring-core\5.2.7.RELEASE\spring-core-5.2.7.RELEASE.jar;C:\Users\phenrivi\.m2\repository\org\springframework\spring-jcl\5.2.7.RELEASE\spring-jcl-5.2.7.RELEASE.jar;C:\Users\phenrivi\.m2\repository\org\springframework\spring-test\5.2.7.RELEASE\spring-test-5.2.7.RELEASE.jar;C:\Users\phenrivi\.m2\repository\org\xmlunit\xmlunit-core\2.7.0\xmlunit-core-2.7.0.jar;"/>
    <property name="java.vm.vendor" value="Oracle Corporation"/>
    <property name="sun.arch.data.model" value="64"/>
    <property name="user.variant" value=""/>
    <property name="java.vendor.url" value="http://java.oracle.com/"/>
    <property name="user.timezone" value="America/Sao_Paulo"/>
    <property name="java.vm.specification.version" value="1.8"/>
    <property name="os.name" value="Windows 10"/>
    <property name="user.country" value="BR"/>
    <property name="sun.java.launcher" value="SUN_STANDARD"/>
    <property name="sun.boot.library.path" value="C:\Program Files\Java\jdk1.8.0_202\jre\bin"/>
    <property name="sun.java.command" value="C:\Users\phenrivi\AppData\Local\Temp\surefire7963180861798072057\surefirebooter1820254163890775705.jar C:\Users\phenrivi\AppData\Local\Temp\surefire7963180861798072057 2022-03-22T22-12-15_468-jvmRun1 surefire3984709372383630781tmp surefire_04646933336552620098tmp"/>
    <property name="surefire.test.class.path" value="C:\Users\phenrivi\Documents\Plantio SRE\folha_pagamento\netflix-zuul-api-gateway-server\target\test-classes;C:\Users\phenrivi\Documents\Plantio SRE\folha_pagamento\netflix-zuul-api-gateway-server\target\classes;C:\Users\phenrivi\.m2\repository\org\springframework\cloud\spring-cloud-starter-netflix-eureka-client\2.2.3.RELEASE\spring-cloud-starter-netflix-eureka-client-2.2.3.RELEASE.jar;C:\Users\phenrivi\.m2\repository\org\springframework\cloud\spring-cloud-starter\2.2.3.RELEASE\spring-cloud-starter-2.2.3.RELEASE.jar;C:\Users\phenrivi\.m2\repository\org\springframework\cloud\spring-cloud-context\2.2.3.RELEASE\spring-cloud-context-2.2.3.RELEASE.jar;C:\Users\phenrivi\.m2\repository\org\springframework\security\spring-security-rsa\1.0.9.RELEASE\spring-security-rsa-1.0.9.RELEASE.jar;C:\Users\phenrivi\.m2\repository\org\bouncycastle\bcpkix-jdk15on\1.64\bcpkix-jdk15on-1.64.jar;C:\Users\phenrivi\.m2\repository\org\bouncycastle\bcprov-jdk15on\1.64\bcprov-jdk15on-1.64.jar;C:\Users\phenrivi\.m2\repository\org\springframework\cloud\spring-cloud-netflix-hystrix\2.2.3.RELEASE\spring-cloud-netflix-hystrix-2.2.3.RELEASE.jar;C:\Users\phenrivi\.m2\repository\org\springframework\boot\spring-boot-autoconfigure\2.3.1.RELEASE\spring-boot-autoconfigure-2.3.1.RELEASE.jar;C:\Users\phenrivi\.m2\repository\org\springframework\cloud\spring-cloud-netflix-eureka-client\2.2.3.RELEASE\spring-cloud-netflix-eureka-client-2.2.3.RELEASE.jar;C:\Users\phenrivi\.m2\repository\com\netflix\eureka\eureka-client\1.9.21\eureka-client-1.9.21.jar;C:\Users\phenrivi\.m2\repository\org\codehaus\jettison\jettison\1.3.7\jettison-1.3.7.jar;C:\Users\phenrivi\.m2\repository\stax\stax-api\1.0.1\stax-api-1.0.1.jar;C:\Users\phenrivi\.m2\repository\com\netflix\netflix-commons\netflix-eventbus\0.3.0\netflix-eventbus-0.3.0.jar;C:\Users\phenrivi\.m2\repository\com\netflix\netflix-commons\netflix-infix\0.3.0\netflix-infix-0.3.0.jar;C:\Users\phenrivi\.m2\repository\commons-jxpath\commons-jxpath\1.3\commons-jxpath-1.3.jar;C:\Users\phenrivi\.m2\repository\joda-time\joda-time\2.3\joda-time-2.3.jar;C:\Users\phenrivi\.m2\repository\org\antlr\antlr-runtime\3.4\antlr-runtime-3.4.jar;C:\Users\phenrivi\.m2\repository\org\antlr\stringtemplate\3.2.1\stringtemplate-3.2.1.jar;C:\Users\phenrivi\.m2\repository\antlr\antlr\2.7.7\antlr-2.7.7.jar;C:\Users\phenrivi\.m2\repository\com\google\code\gson\gson\2.8.6\gson-2.8.6.jar;C:\Users\phenrivi\.m2\repository\org\apache\commons\commons-math\2.2\commons-math-2.2.jar;C:\Users\phenrivi\.m2\repository\com\netflix\archaius\archaius-core\0.7.6\archaius-core-0.7.6.jar;C:\Users\phenrivi\.m2\repository\com\google\guava\guava\29.0-android\guava-29.0-android.jar;C:\Users\phenrivi\.m2\repository\com\google\guava\failureaccess\1.0.1\failureaccess-1.0.1.jar;C:\Users\phenrivi\.m2\repository\com\google\guava\listenablefuture\9999.0-empty-to-avoid-conflict-with-guava\listenablefuture-9999.0-empty-to-avoid-conflict-with-guava.jar;C:\Users\phenrivi\.m2\repository\org\checkerframework\checker-compat-qual\2.5.5\checker-compat-qual-2.5.5.jar;C:\Users\phenrivi\.m2\repository\com\google\errorprone\error_prone_annotations\2.3.4\error_prone_annotations-2.3.4.jar;C:\Users\phenrivi\.m2\repository\com\google\j2objc\j2objc-annotations\1.3\j2objc-annotations-1.3.jar;C:\Users\phenrivi\.m2\repository\javax\ws\rs\jsr311-api\1.1.1\jsr311-api-1.1.1.jar;C:\Users\phenrivi\.m2\repository\com\netflix\servo\servo-core\0.12.21\servo-core-0.12.21.jar;C:\Users\phenrivi\.m2\repository\com\sun\jersey\jersey-core\1.19.1\jersey-core-1.19.1.jar;C:\Users\phenrivi\.m2\repository\com\sun\jersey\jersey-client\1.19.1\jersey-client-1.19.1.jar;C:\Users\phenrivi\.m2\repository\com\sun\jersey\contribs\jersey-apache-client4\1.19.1\jersey-apache-client4-1.19.1.jar;C:\Users\phenrivi\.m2\repository\org\apache\httpcomponents\httpclient\4.5.12\httpclient-4.5.12.jar;C:\Users\phenrivi\.m2\repository\org\apache\httpcomponents\httpcore\4.4.13\httpcore-4.4.13.jar;C:\Users\phenrivi\.m2\repository\commons-codec\commons-codec\1.14\commons-codec-1.14.jar;C:\Users\phenrivi\.m2\repository\commons-configuration\commons-configuration\1.10\commons-configuration-1.10.jar;C:\Users\phenrivi\.m2\repository\commons-lang\commons-lang\2.6\commons-lang-2.6.jar;C:\Users\phenrivi\.m2\repository\com\google\inject\guice\4.1.0\guice-4.1.0.jar;C:\Users\phenrivi\.m2\repository\javax\inject\javax.inject\1\javax.inject-1.jar;C:\Users\phenrivi\.m2\repository\aopalliance\aopalliance\1.0\aopalliance-1.0.jar;C:\Users\phenrivi\.m2\repository\com\fasterxml\jackson\core\jackson-annotations\2.11.0\jackson-annotations-2.11.0.jar;C:\Users\phenrivi\.m2\repository\com\fasterxml\jackson\core\jackson-core\2.11.0\jackson-core-2.11.0.jar;C:\Users\phenrivi\.m2\repository\com\fasterxml\jackson\core\jackson-databind\2.11.0\jackson-databind-2.11.0.jar;C:\Users\phenrivi\.m2\repository\com\fasterxml\woodstox\woodstox-core\5.3.0\woodstox-core-5.3.0.jar;C:\Users\phenrivi\.m2\repository\org\codehaus\woodstox\stax2-api\4.2\stax2-api-4.2.jar;C:\Users\phenrivi\.m2\repository\com\netflix\eureka\eureka-core\1.9.21\eureka-core-1.9.21.jar;C:\Users\phenrivi\.m2\repository\org\springframework\cloud\spring-cloud-starter-netflix-archaius\2.2.3.RELEASE\spring-cloud-starter-netflix-archaius-2.2.3.RELEASE.jar;C:\Users\phenrivi\.m2\repository\org\springframework\cloud\spring-cloud-netflix-ribbon\2.2.3.RELEASE\spring-cloud-netflix-ribbon-2.2.3.RELEASE.jar;C:\Users\phenrivi\.m2\repository\org\springframework\cloud\spring-cloud-netflix-archaius\2.2.3.RELEASE\spring-cloud-netflix-archaius-2.2.3.RELEASE.jar;C:\Users\phenrivi\.m2\repository\org\springframework\cloud\spring-cloud-starter-netflix-ribbon\2.2.3.RELEASE\spring-cloud-starter-netflix-ribbon-2.2.3.RELEASE.jar;C:\Users\phenrivi\.m2\repository\com\netflix\ribbon\ribbon\2.3.0\ribbon-2.3.0.jar;C:\Users\phenrivi\.m2\repository\com\netflix\ribbon\ribbon-transport\2.3.0\ribbon-transport-2.3.0.jar;C:\Users\phenrivi\.m2\repository\io\reactivex\rxnetty-contexts\0.4.9\rxnetty-contexts-0.4.9.jar;C:\Users\phenrivi\.m2\repository\io\reactivex\rxnetty-servo\0.4.9\rxnetty-servo-0.4.9.jar;C:\Users\phenrivi\.m2\repository\io\reactivex\rxnetty\0.4.9\rxnetty-0.4.9.jar;C:\Users\phenrivi\.m2\repository\com\netflix\ribbon\ribbon-core\2.3.0\ribbon-core-2.3.0.jar;C:\Users\phenrivi\.m2\repository\com\netflix\ribbon\ribbon-httpclient\2.3.0\ribbon-httpclient-2.3.0.jar;C:\Users\phenrivi\.m2\repository\commons-collections\commons-collections\3.2.2\commons-collections-3.2.2.jar;C:\Users\phenrivi\.m2\repository\com\netflix\ribbon\ribbon-loadbalancer\2.3.0\ribbon-loadbalancer-2.3.0.jar;C:\Users\phenrivi\.m2\repository\com\netflix\netflix-commons\netflix-statistics\0.1.1\netflix-statistics-0.1.1.jar;C:\Users\phenrivi\.m2\repository\io\reactivex\rxjava\1.3.8\rxjava-1.3.8.jar;C:\Users\phenrivi\.m2\repository\org\springframework\cloud\spring-cloud-starter-loadbalancer\2.2.3.RELEASE\spring-cloud-starter-loadbalancer-2.2.3.RELEASE.jar;C:\Users\phenrivi\.m2\repository\org\springframework\cloud\spring-cloud-loadbalancer\2.2.3.RELEASE\spring-cloud-loadbalancer-2.2.3.RELEASE.jar;C:\Users\phenrivi\.m2\repository\org\springframework\boot\spring-boot-starter-validation\2.3.1.RELEASE\spring-boot-starter-validation-2.3.1.RELEASE.jar;C:\Users\phenrivi\.m2\repository\org\hibernate\validator\hibernate-validator\6.1.5.Final\hibernate-validator-6.1.5.Final.jar;C:\Users\phenrivi\.m2\repository\jakarta\validation\jakarta.validation-api\2.0.2\jakarta.validation-api-2.0.2.jar;C:\Users\phenrivi\.m2\repository\org\jboss\logging\jboss-logging\3.4.1.Final\jboss-logging-3.4.1.Final.jar;C:\Users\phenrivi\.m2\repository\com\fasterxml\classmate\1.5.1\classmate-1.5.1.jar;C:\Users\phenrivi\.m2\repository\io\projectreactor\reactor-core\3.3.6.RELEASE\reactor-core-3.3.6.RELEASE.jar;C:\Users\phenrivi\.m2\repository\io\projectreactor\addons\reactor-extra\3.3.3.RELEASE\reactor-extra-3.3.3.RELEASE.jar;C:\Users\phenrivi\.m2\repository\org\springframework\boot\spring-boot-starter-cache\2.3.1.RELEASE\spring-boot-starter-cache-2.3.1.RELEASE.jar;C:\Users\phenrivi\.m2\repository\org\springframework\spring-context-support\5.2.7.RELEASE\spring-context-support-5.2.7.RELEASE.jar;C:\Users\phenrivi\.m2\repository\com\stoyanr\evictor\1.0.0\evictor-1.0.0.jar;C:\Users\phenrivi\.m2\repository\com\netflix\ribbon\ribbon-eureka\2.3.0\ribbon-eureka-2.3.0.jar;C:\Users\phenrivi\.m2\repository\org\slf4j\slf4j-api\1.7.30\slf4j-api-1.7.30.jar;C:\Users\phenrivi\.m2\repository\com\thoughtworks\xstream\xstream\1.4.11.1\xstream-1.4.11.1.jar;C:\Users\phenrivi\.m2\repository\xmlpull\xmlpull\1.1.3.1\xmlpull-1.1.3.1.jar;C:\Users\phenrivi\.m2\repository\xpp3\xpp3_min\1.1.4c\xpp3_min-1.1.4c.jar;C:\Users\phenrivi\.m2\repository\io\opentracing\contrib\opentracing-spring-cloud-starter\0.5.9\opentracing-spring-cloud-starter-0.5.9.jar;C:\Users\phenrivi\.m2\repository\io\opentracing\contrib\opentracing-spring-cloud-core\0.5.9\opentracing-spring-cloud-core-0.5.9.jar;C:\Users\phenrivi\.m2\repository\io\opentracing\contrib\opentracing-spring-tracer-configuration-starter\0.3.1\opentracing-spring-tracer-configuration-starter-0.3.1.jar;C:\Users\phenrivi\.m2\repository\io\opentracing\opentracing-noop\0.33.0\opentracing-noop-0.33.0.jar;C:\Users\phenrivi\.m2\repository\io\opentracing\opentracing-util\0.33.0\opentracing-util-0.33.0.jar;C:\Users\phenrivi\.m2\repository\io\opentracing\contrib\opentracing-concurrent\0.4.0\opentracing-concurrent-0.4.0.jar;C:\Users\phenrivi\.m2\repository\io\opentracing\contrib\opentracing-spring-web-starter\4.1.0\opentracing-spring-web-starter-4.1.0.jar;C:\Users\phenrivi\.m2\repository\io\opentracing\contrib\opentracing-spring-web\4.1.0\opentracing-spring-web-4.1.0.jar;C:\Users\phenrivi\.m2\repository\io\opentracing\contrib\opentracing-web-servlet-filter\0.4.0\opentracing-web-servlet-filter-0.4.0.jar;C:\Users\phenrivi\.m2\repository\io\opentracing\contrib\opentracing-tracerresolver\0.1.8\opentracing-tracerresolver-0.1.8.jar;C:\Users\phenrivi\.m2\repository\io\opentracing\contrib\opentracing-spring-messaging-starter\1.0.0\opentracing-spring-messaging-starter-1.0.0.jar;C:\Users\phenrivi\.m2\repository\io\opentracing\contrib\opentracing-spring-messaging\1.0.0\opentracing-spring-messaging-1.0.0.jar;C:\Users\phenrivi\.m2\repository\io\opentracing\contrib\opentracing-spring-rabbitmq-starter\3.0.0\opentracing-spring-rabbitmq-starter-3.0.0.jar;C:\Users\phenrivi\.m2\repository\io\opentracing\contrib\opentracing-spring-rabbitmq\3.0.0\opentracing-spring-rabbitmq-3.0.0.jar;C:\Users\phenrivi\.m2\repository\io\opentracing\contrib\opentracing-spring-cloud-jdbc-starter\0.5.9\opentracing-spring-cloud-jdbc-starter-0.5.9.jar;C:\Users\phenrivi\.m2\repository\io\opentracing\contrib\opentracing-jdbc\0.2.11\opentracing-jdbc-0.2.11.jar;C:\Users\phenrivi\.m2\repository\io\opentracing\contrib\common\0.1.4\common-0.1.4.jar;C:\Users\phenrivi\.m2\repository\io\opentracing\contrib\opentracing-spring-cloud-jms-starter\0.5.9\opentracing-spring-cloud-jms-starter-0.5.9.jar;C:\Users\phenrivi\.m2\repository\io\opentracing\contrib\opentracing-jms-spring\0.1.7\opentracing-jms-spring-0.1.7.jar;C:\Users\phenrivi\.m2\repository\io\opentracing\contrib\opentracing-jms-2\0.1.7\opentracing-jms-2-0.1.7.jar;C:\Users\phenrivi\.m2\repository\io\opentracing\contrib\opentracing-jms-common\0.1.7\opentracing-jms-common-0.1.7.jar;C:\Users\phenrivi\.m2\repository\io\opentracing\contrib\opentracing-spring-cloud-kafka-starter\0.5.9\opentracing-spring-cloud-kafka-starter-0.5.9.jar;C:\Users\phenrivi\.m2\repository\io\opentracing\contrib\opentracing-kafka-spring\0.1.15\opentracing-kafka-spring-0.1.15.jar;C:\Users\phenrivi\.m2\repository\io\opentracing\contrib\opentracing-kafka-client\0.1.15\opentracing-kafka-client-0.1.15.jar;C:\Users\phenrivi\.m2\repository\io\opentracing\contrib\opentracing-spring-cloud-feign-starter\0.5.9\opentracing-spring-cloud-feign-starter-0.5.9.jar;C:\Users\phenrivi\.m2\repository\io\github\openfeign\opentracing\feign-opentracing\0.4.0\feign-opentracing-0.4.0.jar;C:\Users\phenrivi\.m2\repository\io\github\openfeign\opentracing\feign-hystrix-opentracing\0.4.0\feign-hystrix-opentracing-0.4.0.jar;C:\Users\phenrivi\.m2\repository\io\opentracing\contrib\opentracing-spring-cloud-hystrix-starter\0.5.9\opentracing-spring-cloud-hystrix-starter-0.5.9.jar;C:\Users\phenrivi\.m2\repository\io\opentracing\contrib\opentracing-spring-cloud-reactor-starter\0.5.9\opentracing-spring-cloud-reactor-starter-0.5.9.jar;C:\Users\phenrivi\.m2\repository\io\opentracing\contrib\opentracing-reactor\0.2.0\opentracing-reactor-0.2.0.jar;C:\Users\phenrivi\.m2\repository\io\opentracing\contrib\opentracing-spring-cloud-rxjava-starter\0.5.9\opentracing-spring-cloud-rxjava-starter-0.5.9.jar;C:\Users\phenrivi\.m2\repository\io\opentracing\contrib\opentracing-rxjava-1\0.1.3\opentracing-rxjava-1-0.1.3.jar;C:\Users\phenrivi\.m2\repository\io\opentracing\contrib\opentracing-spring-cloud-redis-starter\0.5.9\opentracing-spring-cloud-redis-starter-0.5.9.jar;C:\Users\phenrivi\.m2\repository\io\opentracing\contrib\opentracing-redis-spring-data2\0.1.14\opentracing-redis-spring-data2-0.1.14.jar;C:\Users\phenrivi\.m2\repository\io\opentracing\contrib\opentracing-redis-common\0.1.14\opentracing-redis-common-0.1.14.jar;C:\Users\phenrivi\.m2\repository\io\opentracing\contrib\opentracing-spring-cloud-mongo-starter\0.5.9\opentracing-spring-cloud-mongo-starter-0.5.9.jar;C:\Users\phenrivi\.m2\repository\io\opentracing\contrib\opentracing-mongo-driver\0.1.5\opentracing-mongo-driver-0.1.5.jar;C:\Users\phenrivi\.m2\repository\io\opentracing\contrib\opentracing-mongo-common\0.1.5\opentracing-mongo-common-0.1.5.jar;C:\Users\phenrivi\.m2\repository\io\opentracing\contrib\opentracing-spring-cloud-websocket-starter\0.5.9\opentracing-spring-cloud-websocket-starter-0.5.9.jar;C:\Users\phenrivi\.m2\repository\io\opentracing\contrib\opentracing-spring-cloud-zuul-starter\0.5.9\opentracing-spring-cloud-zuul-starter-0.5.9.jar;C:\Users\phenrivi\.m2\repository\io\opentracing\contrib\opentracing-spring-cloud-gateway-starter\0.5.9\opentracing-spring-cloud-gateway-starter-0.5.9.jar;C:\Users\phenrivi\.m2\repository\io\opentracing\opentracing-api\0.33.0\opentracing-api-0.33.0.jar;C:\Users\phenrivi\.m2\repository\io\opentracing\contrib\opentracing-spring-jaeger-cloud-starter\3.1.2\opentracing-spring-jaeger-cloud-starter-3.1.2.jar;C:\Users\phenrivi\.m2\repository\io\opentracing\contrib\opentracing-spring-jaeger-starter\3.1.2\opentracing-spring-jaeger-starter-3.1.2.jar;C:\Users\phenrivi\.m2\repository\io\jaegertracing\jaeger-client\1.1.0\jaeger-client-1.1.0.jar;C:\Users\phenrivi\.m2\repository\io\jaegertracing\jaeger-thrift\1.1.0\jaeger-thrift-1.1.0.jar;C:\Users\phenrivi\.m2\repository\org\apache\thrift\libthrift\0.13.0\libthrift-0.13.0.jar;C:\Users\phenrivi\.m2\repository\javax\annotation\javax.annotation-api\1.3.2\javax.annotation-api-1.3.2.jar;C:\Users\phenrivi\.m2\repository\com\squareup\okhttp3\okhttp\3.14.9\okhttp-3.14.9.jar;C:\Users\phenrivi\.m2\repository\com\squareup\okio\okio\1.17.2\okio-1.17.2.jar;C:\Users\phenrivi\.m2\repository\io\jaegertracing\jaeger-core\1.1.0\jaeger-core-1.1.0.jar;C:\Users\phenrivi\.m2\repository\io\jaegertracing\jaeger-tracerresolver\1.1.0\jaeger-tracerresolver-1.1.0.jar;C:\Users\phenrivi\.m2\repository\org\springframework\boot\spring-boot-starter-actuator\2.3.1.RELEASE\spring-boot-starter-actuator-2.3.1.RELEASE.jar;C:\Users\phenrivi\.m2\repository\org\springframework\boot\spring-boot-starter\2.3.1.RELEASE\spring-boot-starter-2.3.1.RELEASE.jar;C:\Users\phenrivi\.m2\repository\org\springframework\boot\spring-boot\2.3.1.RELEASE\spring-boot-2.3.1.RELEASE.jar;C:\Users\phenrivi\.m2\repository\org\springframework\boot\spring-boot-starter-logging\2.3.1.RELEASE\spring-boot-starter-logging-2.3.1.RELEASE.jar;C:\Users\phenrivi\.m2\repository\ch\qos\logback\logback-classic\1.2.3\logback-classic-1.2.3.jar;C:\Users\phenrivi\.m2\repository\ch\qos\logback\logback-core\1.2.3\logback-core-1.2.3.jar;C:\Users\phenrivi\.m2\repository\org\apache\logging\log4j\log4j-to-slf4j\2.13.3\log4j-to-slf4j-2.13.3.jar;C:\Users\phenrivi\.m2\repository\org\apache\logging\log4j\log4j-api\2.13.3\log4j-api-2.13.3.jar;C:\Users\phenrivi\.m2\repository\org\slf4j\jul-to-slf4j\1.7.30\jul-to-slf4j-1.7.30.jar;C:\Users\phenrivi\.m2\repository\jakarta\annotation\jakarta.annotation-api\1.3.5\jakarta.annotation-api-1.3.5.jar;C:\Users\phenrivi\.m2\repository\org\yaml\snakeyaml\1.26\snakeyaml-1.26.jar;C:\Users\phenrivi\.m2\repository\org\springframework\boot\spring-boot-actuator-autoconfigure\2.3.1.RELEASE\spring-boot-actuator-autoconfigure-2.3.1.RELEASE.jar;C:\Users\phenrivi\.m2\repository\org\springframework\boot\spring-boot-actuator\2.3.1.RELEASE\spring-boot-actuator-2.3.1.RELEASE.jar;C:\Users\phenrivi\.m2\repository\com\fasterxml\jackson\datatype\jackson-datatype-jsr310\2.11.0\jackson-datatype-jsr310-2.11.0.jar;C:\Users\phenrivi\.m2\repository\io\micrometer\micrometer-core\1.5.1\micrometer-core-1.5.1.jar;C:\Users\phenrivi\.m2\repository\org\hdrhistogram\HdrHistogram\2.1.12\HdrHistogram-2.1.12.jar;C:\Users\phenrivi\.m2\repository\org\latencyutils\LatencyUtils\2.0.3\LatencyUtils-2.0.3.jar;C:\Users\phenrivi\.m2\repository\io\micrometer\micrometer-registry-prometheus\1.5.1\micrometer-registry-prometheus-1.5.1.jar;C:\Users\phenrivi\.m2\repository\io\prometheus\simpleclient_common\0.8.1\simpleclient_common-0.8.1.jar;C:\Users\phenrivi\.m2\repository\io\prometheus\simpleclient\0.8.1\simpleclient-0.8.1.jar;C:\Users\phenrivi\.m2\repository\org\springframework\cloud\spring-cloud-starter-netflix-zuul\2.2.3.RELEASE\spring-cloud-starter-netflix-zuul-2.2.3.RELEASE.jar;C:\Users\phenrivi\.m2\repository\org\springframework\cloud\spring-cloud-netflix-zuul\2.2.3.RELEASE\spring-cloud-netflix-zuul-2.2.3.RELEASE.jar;C:\Users\phenrivi\.m2\repository\com\netflix\netflix-commons\netflix-commons-util\0.3.0\netflix-commons-util-0.3.0.jar;C:\Users\phenrivi\.m2\repository\org\springframework\boot\spring-boot-starter-web\2.3.1.RELEASE\spring-boot-starter-web-2.3.1.RELEASE.jar;C:\Users\phenrivi\.m2\repository\org\springframework\boot\spring-boot-starter-json\2.3.1.RELEASE\spring-boot-starter-json-2.3.1.RELEASE.jar;C:\Users\phenrivi\.m2\repository\com\fasterxml\jackson\datatype\jackson-datatype-jdk8\2.11.0\jackson-datatype-jdk8-2.11.0.jar;C:\Users\phenrivi\.m2\repository\com\fasterxml\jackson\module\jackson-module-parameter-names\2.11.0\jackson-module-parameter-names-2.11.0.jar;C:\Users\phenrivi\.m2\repository\org\springframework\boot\spring-boot-starter-tomcat\2.3.1.RELEASE\spring-boot-starter-tomcat-2.3.1.RELEASE.jar;C:\Users\phenrivi\.m2\repository\org\apache\tomcat\embed\tomcat-embed-core\9.0.36\tomcat-embed-core-9.0.36.jar;C:\Users\phenrivi\.m2\repository\org\glassfish\jakarta.el\3.0.3\jakarta.el-3.0.3.jar;C:\Users\phenrivi\.m2\repository\org\apache\tomcat\embed\tomcat-embed-websocket\9.0.36\tomcat-embed-websocket-9.0.36.jar;C:\Users\phenrivi\.m2\repository\org\springframework\spring-webmvc\5.2.7.RELEASE\spring-webmvc-5.2.7.RELEASE.jar;C:\Users\phenrivi\.m2\repository\org\springframework\spring-expression\5.2.7.RELEASE\spring-expression-5.2.7.RELEASE.jar;C:\Users\phenrivi\.m2\repository\org\springframework\cloud\spring-cloud-starter-netflix-hystrix\2.2.3.RELEASE\spring-cloud-starter-netflix-hystrix-2.2.3.RELEASE.jar;C:\Users\phenrivi\.m2\repository\com\netflix\hystrix\hystrix-core\1.5.18\hystrix-core-1.5.18.jar;C:\Users\phenrivi\.m2\repository\com\netflix\hystrix\hystrix-serialization\1.5.18\hystrix-serialization-1.5.18.jar;C:\Users\phenrivi\.m2\repository\com\fasterxml\jackson\module\jackson-module-afterburner\2.11.0\jackson-module-afterburner-2.11.0.jar;C:\Users\phenrivi\.m2\repository\com\netflix\hystrix\hystrix-metrics-event-stream\1.5.18\hystrix-metrics-event-stream-1.5.18.jar;C:\Users\phenrivi\.m2\repository\com\netflix\hystrix\hystrix-javanica\1.5.18\hystrix-javanica-1.5.18.jar;C:\Users\phenrivi\.m2\repository\org\apache\commons\commons-lang3\3.10\commons-lang3-3.10.jar;C:\Users\phenrivi\.m2\repository\org\ow2\asm\asm\5.0.4\asm-5.0.4.jar;C:\Users\phenrivi\.m2\repository\io\reactivex\rxjava-reactive-streams\1.2.1\rxjava-reactive-streams-1.2.1.jar;C:\Users\phenrivi\.m2\repository\org\reactivestreams\reactive-streams\1.0.3\reactive-streams-1.0.3.jar;C:\Users\phenrivi\.m2\repository\com\netflix\zuul\zuul-core\1.3.1\zuul-core-1.3.1.jar;C:\Users\phenrivi\.m2\repository\commons-io\commons-io\2.4\commons-io-2.4.jar;C:\Users\phenrivi\.m2\repository\org\springframework\cloud\spring-cloud-starter-sleuth\2.2.3.RELEASE\spring-cloud-starter-sleuth-2.2.3.RELEASE.jar;C:\Users\phenrivi\.m2\repository\org\springframework\boot\spring-boot-starter-aop\2.3.1.RELEASE\spring-boot-starter-aop-2.3.1.RELEASE.jar;C:\Users\phenrivi\.m2\repository\org\springframework\spring-aop\5.2.7.RELEASE\spring-aop-5.2.7.RELEASE.jar;C:\Users\phenrivi\.m2\repository\org\aspectj\aspectjweaver\1.9.5\aspectjweaver-1.9.5.jar;C:\Users\phenrivi\.m2\repository\org\springframework\cloud\spring-cloud-sleuth-core\2.2.3.RELEASE\spring-cloud-sleuth-core-2.2.3.RELEASE.jar;C:\Users\phenrivi\.m2\repository\org\springframework\spring-context\5.2.7.RELEASE\spring-context-5.2.7.RELEASE.jar;C:\Users\phenrivi\.m2\repository\org\aspectj\aspectjrt\1.9.5\aspectjrt-1.9.5.jar;C:\Users\phenrivi\.m2\repository\io\zipkin\brave\brave\5.12.3\brave-5.12.3.jar;C:\Users\phenrivi\.m2\repository\io\zipkin\brave\brave-context-slf4j\5.12.3\brave-context-slf4j-5.12.3.jar;C:\Users\phenrivi\.m2\repository\io\zipkin\brave\brave-instrumentation-messaging\5.12.3\brave-instrumentation-messaging-5.12.3.jar;C:\Users\phenrivi\.m2\repository\io\zipkin\brave\brave-instrumentation-rpc\5.12.3\brave-instrumentation-rpc-5.12.3.jar;C:\Users\phenrivi\.m2\repository\io\zipkin\brave\brave-instrumentation-spring-web\5.12.3\brave-instrumentation-spring-web-5.12.3.jar;C:\Users\phenrivi\.m2\repository\io\zipkin\brave\brave-instrumentation-http\5.12.3\brave-instrumentation-http-5.12.3.jar;C:\Users\phenrivi\.m2\repository\io\zipkin\brave\brave-instrumentation-spring-rabbit\5.12.3\brave-instrumentation-spring-rabbit-5.12.3.jar;C:\Users\phenrivi\.m2\repository\io\zipkin\brave\brave-instrumentation-kafka-clients\5.12.3\brave-instrumentation-kafka-clients-5.12.3.jar;C:\Users\phenrivi\.m2\repository\io\zipkin\brave\brave-instrumentation-kafka-streams\5.12.3\brave-instrumentation-kafka-streams-5.12.3.jar;C:\Users\phenrivi\.m2\repository\io\zipkin\brave\brave-instrumentation-httpclient\5.12.3\brave-instrumentation-httpclient-5.12.3.jar;C:\Users\phenrivi\.m2\repository\io\zipkin\brave\brave-instrumentation-httpasyncclient\5.12.3\brave-instrumentation-httpasyncclient-5.12.3.jar;C:\Users\phenrivi\.m2\repository\io\zipkin\brave\brave-instrumentation-spring-webmvc\5.12.3\brave-instrumentation-spring-webmvc-5.12.3.jar;C:\Users\phenrivi\.m2\repository\io\zipkin\brave\brave-instrumentation-servlet\5.12.3\brave-instrumentation-servlet-5.12.3.jar;C:\Users\phenrivi\.m2\repository\io\zipkin\brave\brave-instrumentation-jms\5.12.3\brave-instrumentation-jms-5.12.3.jar;C:\Users\phenrivi\.m2\repository\io\zipkin\reporter2\zipkin-reporter-metrics-micrometer\2.15.0\zipkin-reporter-metrics-micrometer-2.15.0.jar;C:\Users\phenrivi\.m2\repository\org\springframework\cloud\spring-cloud-sleuth-zipkin\2.2.3.RELEASE\spring-cloud-sleuth-zipkin-2.2.3.RELEASE.jar;C:\Users\phenrivi\.m2\repository\org\springframework\spring-web\5.2.7.RELEASE\spring-web-5.2.7.RELEASE.jar;C:\Users\phenrivi\.m2\repository\org\springframework\spring-beans\5.2.7.RELEASE\spring-beans-5.2.7.RELEASE.jar;C:\Users\phenrivi\.m2\repository\org\springframework\cloud\spring-cloud-commons\2.2.3.RELEASE\spring-cloud-commons-2.2.3.RELEASE.jar;C:\Users\phenrivi\.m2\repository\org\springframework\security\spring-security-crypto\5.3.3.RELEASE\spring-security-crypto-5.3.3.RELEASE.jar;C:\Users\phenrivi\.m2\repository\io\zipkin\zipkin2\zipkin\2.21.1\zipkin-2.21.1.jar;C:\Users\phenrivi\.m2\repository\io\zipkin\reporter2\zipkin-reporter\2.15.0\zipkin-reporter-2.15.0.jar;C:\Users\phenrivi\.m2\repository\io\zipkin\reporter2\zipkin-reporter-brave\2.15.0\zipkin-reporter-brave-2.15.0.jar;C:\Users\phenrivi\.m2\repository\io\zipkin\reporter2\zipkin-sender-kafka\2.15.0\zipkin-sender-kafka-2.15.0.jar;C:\Users\phenrivi\.m2\repository\io\zipkin\reporter2\zipkin-sender-activemq-client\2.15.0\zipkin-sender-activemq-client-2.15.0.jar;C:\Users\phenrivi\.m2\repository\io\zipkin\reporter2\zipkin-sender-amqp-client\2.15.0\zipkin-sender-amqp-client-2.15.0.jar;C:\Users\phenrivi\.m2\repository\org\springframework\cloud\spring-cloud-starter-bus-amqp\2.2.2.RELEASE\spring-cloud-starter-bus-amqp-2.2.2.RELEASE.jar;C:\Users\phenrivi\.m2\repository\org\springframework\cloud\spring-cloud-starter-stream-rabbit\3.0.5.RELEASE\spring-cloud-starter-stream-rabbit-3.0.5.RELEASE.jar;C:\Users\phenrivi\.m2\repository\org\springframework\cloud\spring-cloud-stream-binder-rabbit\3.0.5.RELEASE\spring-cloud-stream-binder-rabbit-3.0.5.RELEASE.jar;C:\Users\phenrivi\.m2\repository\org\springframework\cloud\spring-cloud-stream-binder-rabbit-core\3.0.5.RELEASE\spring-cloud-stream-binder-rabbit-core-3.0.5.RELEASE.jar;C:\Users\phenrivi\.m2\repository\org\springframework\integration\spring-integration-amqp\5.3.1.RELEASE\spring-integration-amqp-5.3.1.RELEASE.jar;C:\Users\phenrivi\.m2\repository\com\rabbitmq\http-client\2.1.0.RELEASE\http-client-2.1.0.RELEASE.jar;C:\Users\phenrivi\.m2\repository\org\springframework\boot\spring-boot-starter-amqp\2.3.1.RELEASE\spring-boot-starter-amqp-2.3.1.RELEASE.jar;C:\Users\phenrivi\.m2\repository\org\springframework\amqp\spring-rabbit\2.2.7.RELEASE\spring-rabbit-2.2.7.RELEASE.jar;C:\Users\phenrivi\.m2\repository\com\rabbitmq\amqp-client\5.9.0\amqp-client-5.9.0.jar;C:\Users\phenrivi\.m2\repository\org\springframework\amqp\spring-amqp\2.2.7.RELEASE\spring-amqp-2.2.7.RELEASE.jar;C:\Users\phenrivi\.m2\repository\org\springframework\integration\spring-integration-jmx\5.3.1.RELEASE\spring-integration-jmx-5.3.1.RELEASE.jar;C:\Users\phenrivi\.m2\repository\org\springframework\cloud\spring-cloud-bus\2.2.2.RELEASE\spring-cloud-bus-2.2.2.RELEASE.jar;C:\Users\phenrivi\.m2\repository\org\springframework\cloud\spring-cloud-stream\3.0.5.RELEASE\spring-cloud-stream-3.0.5.RELEASE.jar;C:\Users\phenrivi\.m2\repository\org\springframework\spring-messaging\5.2.7.RELEASE\spring-messaging-5.2.7.RELEASE.jar;C:\Users\phenrivi\.m2\repository\org\springframework\retry\spring-retry\1.2.5.RELEASE\spring-retry-1.2.5.RELEASE.jar;C:\Users\phenrivi\.m2\repository\org\springframework\cloud\spring-cloud-function-context\3.0.7.RELEASE\spring-cloud-function-context-3.0.7.RELEASE.jar;C:\Users\phenrivi\.m2\repository\net\jodah\typetools\0.6.2\typetools-0.6.2.jar;C:\Users\phenrivi\.m2\repository\org\springframework\cloud\spring-cloud-function-core\3.0.7.RELEASE\spring-cloud-function-core-3.0.7.RELEASE.jar;C:\Users\phenrivi\.m2\repository\org\springframework\integration\spring-integration-core\5.3.1.RELEASE\spring-integration-core-5.3.1.RELEASE.jar;C:\Users\phenrivi\.m2\repository\org\springframework\spring-tx\5.2.7.RELEASE\spring-tx-5.2.7.RELEASE.jar;C:\Users\phenrivi\.m2\repository\org\springframework\boot\spring-boot-starter-test\2.3.1.RELEASE\spring-boot-starter-test-2.3.1.RELEASE.jar;C:\Users\phenrivi\.m2\repository\org\springframework\boot\spring-boot-test\2.3.1.RELEASE\spring-boot-test-2.3.1.RELEASE.jar;C:\Users\phenrivi\.m2\repository\org\springframework\boot\spring-boot-test-autoconfigure\2.3.1.RELEASE\spring-boot-test-autoconfigure-2.3.1.RELEASE.jar;C:\Users\phenrivi\.m2\repository\com\jayway\jsonpath\json-path\2.4.0\json-path-2.4.0.jar;C:\Users\phenrivi\.m2\repository\net\minidev\json-smart\2.3\json-smart-2.3.jar;C:\Users\phenrivi\.m2\repository\net\minidev\accessors-smart\1.2\accessors-smart-1.2.jar;C:\Users\phenrivi\.m2\repository\jakarta\xml\bind\jakarta.xml.bind-api\2.3.3\jakarta.xml.bind-api-2.3.3.jar;C:\Users\phenrivi\.m2\repository\jakarta\activation\jakarta.activation-api\1.2.2\jakarta.activation-api-1.2.2.jar;C:\Users\phenrivi\.m2\repository\org\assertj\assertj-core\3.16.1\assertj-core-3.16.1.jar;C:\Users\phenrivi\.m2\repository\org\hamcrest\hamcrest\2.2\hamcrest-2.2.jar;C:\Users\phenrivi\.m2\repository\org\junit\jupiter\junit-jupiter\5.6.2\junit-jupiter-5.6.2.jar;C:\Users\phenrivi\.m2\repository\org\junit\jupiter\junit-jupiter-api\5.6.2\junit-jupiter-api-5.6.2.jar;C:\Users\phenrivi\.m2\repository\org\opentest4j\opentest4j\1.2.0\opentest4j-1.2.0.jar;C:\Users\phenrivi\.m2\repository\org\junit\platform\junit-platform-commons\1.6.2\junit-platform-commons-1.6.2.jar;C:\Users\phenrivi\.m2\repository\org\junit\jupiter\junit-jupiter-params\5.6.2\junit-jupiter-params-5.6.2.jar;C:\Users\phenrivi\.m2\repository\org\junit\jupiter\junit-jupiter-engine\5.6.2\junit-jupiter-engine-5.6.2.jar;C:\Users\phenrivi\.m2\repository\org\junit\vintage\junit-vintage-engine\5.6.2\junit-vintage-engine-5.6.2.jar;C:\Users\phenrivi\.m2\repository\org\apiguardian\apiguardian-api\1.1.0\apiguardian-api-1.1.0.jar;C:\Users\phenrivi\.m2\repository\org\junit\platform\junit-platform-engine\1.6.2\junit-platform-engine-1.6.2.jar;C:\Users\phenrivi\.m2\repository\junit\junit\4.13\junit-4.13.jar;C:\Users\phenrivi\.m2\repository\org\mockito\mockito-core\3.3.3\mockito-core-3.3.3.jar;C:\Users\phenrivi\.m2\repository\net\bytebuddy\byte-buddy\1.10.11\byte-buddy-1.10.11.jar;C:\Users\phenrivi\.m2\repository\net\bytebuddy\byte-buddy-agent\1.10.11\byte-buddy-agent-1.10.11.jar;C:\Users\phenrivi\.m2\repository\org\objenesis\objenesis\2.6\objenesis-2.6.jar;C:\Users\phenrivi\.m2\repository\org\mockito\mockito-junit-jupiter\3.3.3\mockito-junit-jupiter-3.3.3.jar;C:\Users\phenrivi\.m2\repository\org\skyscreamer\jsonassert\1.5.0\jsonassert-1.5.0.jar;C:\Users\phenrivi\.m2\repository\com\vaadin\external\google\android-json\0.0.20131108.vaadin1\android-json-0.0.20131108.vaadin1.jar;C:\Users\phenrivi\.m2\repository\org\springframework\spring-core\5.2.7.RELEASE\spring-core-5.2.7.RELEASE.jar;C:\Users\phenrivi\.m2\repository\org\springframework\spring-jcl\5.2.7.RELEASE\spring-jcl-5.2.7.RELEASE.jar;C:\Users\phenrivi\.m2\repository\org\springframework\spring-test\5.2.7.RELEASE\spring-test-5.2.7.RELEASE.jar;C:\Users\phenrivi\.m2\repository\org\xmlunit\xmlunit-core\2.7.0\xmlunit-core-2.7.0.jar;"/>
    <property name="sun.cpu.endian" value="little"/>
    <property name="user.home" value="C:\Users\phenrivi"/>
    <property name="user.language" value="pt"/>
    <property name="java.specification.vendor" value="Oracle Corporation"/>
    <property name="java.home" value="C:\Program Files\Java\jdk1.8.0_202\jre"/>
    <property name="basedir" value="C:\Users\phenrivi\Documents\Plantio SRE\folha_pagamento\netflix-zuul-api-gateway-server"/>
    <property name="file.separator" value="\"/>
    <property name="line.separator" value="&#10;"/>
    <property name="java.vm.specification.vendor" value="Oracle Corporation"/>
    <property name="java.specification.name" value="Java Platform API Specification"/>
    <property name="java.awt.graphicsenv" value="sun.awt.Win32GraphicsEnvironment"/>
    <property name="surefire.real.class.path" value="C:\Users\phenrivi\AppData\Local\Temp\surefire7963180861798072057\surefirebooter1820254163890775705.jar"/>
    <property name="sun.boot.class.path" value="C:\Program Files\Java\jdk1.8.0_202\jre\lib\resources.jar;C:\Program Files\Java\jdk1.8.0_202\jre\lib\rt.jar;C:\Program Files\Java\jdk1.8.0_202\jre\lib\sunrsasign.jar;C:\Program Files\Java\jdk1.8.0_202\jre\lib\jsse.jar;C:\Program Files\Java\jdk1.8.0_202\jre\lib\jce.jar;C:\Program Files\Java\jdk1.8.0_202\jre\lib\charsets.jar;C:\Program Files\Java\jdk1.8.0_202\jre\lib\jfr.jar;C:\Program Files\Java\jdk1.8.0_202\jre\classes"/>
    <property name="user.script" value=""/>
    <property name="sun.management.compiler" value="HotSpot 64-Bit Tiered Compilers"/>
    <property name="java.runtime.version" value="1.8.0_202-b08"/>
    <property name="user.name" value="phenrivi"/>
    <property name="path.separator" value=";"/>
    <property name="os.version" value="10.0"/>
    <property name="java.endorsed.dirs" value="C:\Program Files\Java\jdk1.8.0_202\jre\lib\endorsed"/>
    <property name="java.runtime.name" value="Java(TM) SE Runtime Environment"/>
    <property name="file.encoding" value="Cp1252"/>
    <property name="java.vm.name" value="Java HotSpot(TM) 64-Bit Server VM"/>
    <property name="localRepository" value="C:\Users\phenrivi\.m2\repository"/>
    <property name="java.vendor.url.bug" value="http://bugreport.sun.com/bugreport/"/>
    <property name="java.io.tmpdir" value="C:\Users\phenrivi\AppData\Local\Temp\"/>
    <property name="java.version" value="1.8.0_202"/>
    <property name="user.dir" value="C:\Users\phenrivi\Documents\Plantio SRE\folha_pagamento\netflix-zuul-api-gateway-server"/>
    <property name="os.arch" value="amd64"/>
    <property name="java.vm.specification.name" value="Java Virtual Machine Specification"/>
    <property name="java.awt.printerjob" value="sun.awt.windows.WPrinterJob"/>
    <property name="sun.os.patch.level" value=""/>
    <property name="java.library.path" value="C:\Program Files\Java\jdk1.8.0_202\jre\bin;C:\WINDOWS\Sun\Java\bin;C:\WINDOWS\system32;C:\WINDOWS;C:\Program Files (x86)\Common Files\Oracle\Java\javapath;C:\WINDOWS\system32;C:\WINDOWS;C:\WINDOWS\System32\Wbem;C:\WINDOWS\System32\WindowsPowerShell\v1.0\;C:\WINDOWS\System32\OpenSSH\;C:\Program Files (x86)\Intel\Intel(R) Management Engine Components\DAL;C:\Program Files\Intel\Intel(R) Management Engine Components\DAL;C:\Program Files\Git\cmd;C:\Program Files\Docker\Docker\resources\bin;C:\ProgramData\DockerDesktop\version-bin;C:\Program Files\Kubernetes\Minikube;;C:\minikube;C:\Users\phenrivi\AppData\Local\Programs\Python\Python310\Scripts\;C:\Users\phenrivi\AppData\Local\Programs\Python\Python310\;C:\Users\phenrivi\AppData\Local\Microsoft\WindowsApps;C:\Users\phenrivi\AppData\Local\Programs\Microsoft VS Code\bin;C:\Users\phenrivi\Documents\Aplicativos\apache-maven-3.8.4-bin\apache-maven-3.8.4\bin;C:\Program Files\Java\jdk1.8.0_202\bin;;."/>
    <property name="java.vm.info" value="mixed mode"/>
    <property name="java.vendor" value="Oracle Corporation"/>
    <property name="java.vm.version" value="25.202-b08"/>
    <property name="java.ext.dirs" value="C:\Program Files\Java\jdk1.8.0_202\jre\lib\ext;C:\WINDOWS\Sun\Java\lib\ext"/>
    <property name="sun.io.unicode.encoding" value="UnicodeLittle"/>
    <property name="java.class.version" value="52.0"/>
  </properties>
  <testcase name="contextLoads" classname="com.in28minutes.microservices.netflixzuulapigatewayserver.NetflixZuulApiGatewayServerApplicationTests" time="0.003">
    <error message="Failed to load ApplicationContext" type="java.lang.IllegalStateException">java.lang.IllegalStateException: Failed to load ApplicationContext
Caused by: org.springframework.beans.factory.UnsatisfiedDependencyException: Error creating bean with name 'org.springframework.boot.autoconfigure.web.servlet.WebMvcAutoConfiguration$EnableWebMvcConfiguration': Unsatisfied dependency expressed through method 'setConfigurers' parameter 0; nested exception is org.springframework.beans.factory.UnsatisfiedDependencyException: Error creating bean with name 'tracingHandlerInterceptor' defined in class path resource [io/opentracing/contrib/spring/web/starter/ServerTracingAutoConfiguration.class]: Unsatisfied dependency expressed through method 'tracingHandlerInterceptor' parameter 0; nested exception is org.springframework.beans.factory.NoSuchBeanDefinitionException: No qualifying bean of type 'io.opentracing.Tracer' available: expected at least 1 bean which qualifies as autowire candidate. Dependency annotations: {}
Caused by: org.springframework.beans.factory.UnsatisfiedDependencyException: Error creating bean with name 'tracingHandlerInterceptor' defined in class path resource [io/opentracing/contrib/spring/web/starter/ServerTracingAutoConfiguration.class]: Unsatisfied dependency expressed through method 'tracingHandlerInterceptor' parameter 0; nested exception is org.springframework.beans.factory.NoSuchBeanDefinitionException: No qualifying bean of type 'io.opentracing.Tracer' available: expected at least 1 bean which qualifies as autowire candidate. Dependency annotations: {}
Caused by: org.springframework.beans.factory.NoSuchBeanDefinitionException: No qualifying bean of type 'io.opentracing.Tracer' available: expected at least 1 bean which qualifies as autowire candidate. Dependency annotations: {}
</error>
    <system-out><![CDATA[22:12:17.392 [main] DEBUG org.springframework.test.context.junit4.SpringJUnit4ClassRunner - SpringJUnit4ClassRunner constructor called with [class com.in28minutes.microservices.netflixzuulapigatewayserver.NetflixZuulApiGatewayServerApplicationTests]
22:12:17.398 [main] DEBUG org.springframework.test.context.BootstrapUtils - Instantiating CacheAwareContextLoaderDelegate from class [org.springframework.test.context.cache.DefaultCacheAwareContextLoaderDelegate]
22:12:17.411 [main] DEBUG org.springframework.test.context.BootstrapUtils - Instantiating BootstrapContext using constructor [public org.springframework.test.context.support.DefaultBootstrapContext(java.lang.Class,org.springframework.test.context.CacheAwareContextLoaderDelegate)]
22:12:17.457 [main] DEBUG org.springframework.test.context.BootstrapUtils - Instantiating TestContextBootstrapper for test class [com.in28minutes.microservices.netflixzuulapigatewayserver.NetflixZuulApiGatewayServerApplicationTests] from class [org.springframework.boot.test.context.SpringBootTestContextBootstrapper]
22:12:17.481 [main] INFO org.springframework.boot.test.context.SpringBootTestContextBootstrapper - Neither @ContextConfiguration nor @ContextHierarchy found for test class [com.in28minutes.microservices.netflixzuulapigatewayserver.NetflixZuulApiGatewayServerApplicationTests], using SpringBootContextLoader
22:12:17.490 [main] DEBUG org.springframework.test.context.support.AbstractContextLoader - Did not detect default resource location for test class [com.in28minutes.microservices.netflixzuulapigatewayserver.NetflixZuulApiGatewayServerApplicationTests]: class path resource [com/in28minutes/microservices/netflixzuulapigatewayserver/NetflixZuulApiGatewayServerApplicationTests-context.xml] does not exist
22:12:17.490 [main] DEBUG org.springframework.test.context.support.AbstractContextLoader - Did not detect default resource location for test class [com.in28minutes.microservices.netflixzuulapigatewayserver.NetflixZuulApiGatewayServerApplicationTests]: class path resource [com/in28minutes/microservices/netflixzuulapigatewayserver/NetflixZuulApiGatewayServerApplicationTestsContext.groovy] does not exist
22:12:17.491 [main] INFO org.springframework.test.context.support.AbstractContextLoader - Could not detect default resource locations for test class [com.in28minutes.microservices.netflixzuulapigatewayserver.NetflixZuulApiGatewayServerApplicationTests]: no resource found for suffixes {-context.xml, Context.groovy}.
22:12:17.492 [main] INFO org.springframework.test.context.support.AnnotationConfigContextLoaderUtils - Could not detect default configuration classes for test class [com.in28minutes.microservices.netflixzuulapigatewayserver.NetflixZuulApiGatewayServerApplicationTests]: NetflixZuulApiGatewayServerApplicationTests does not declare any static, non-private, non-final, nested classes annotated with @Configuration.
22:12:17.576 [main] DEBUG org.springframework.test.context.support.ActiveProfilesUtils - Could not find an 'annotation declaring class' for annotation type [org.springframework.test.context.ActiveProfiles] and class [com.in28minutes.microservices.netflixzuulapigatewayserver.NetflixZuulApiGatewayServerApplicationTests]
22:12:17.687 [main] DEBUG org.springframework.context.annotation.ClassPathScanningCandidateComponentProvider - Identified candidate component class: file [C:\Users\phenrivi\Documents\Plantio SRE\folha_pagamento\netflix-zuul-api-gateway-server\target\classes\com\in28minutes\microservices\netflixzuulapigatewayserver\NetflixZuulApiGatewayServerApplication.class]
22:12:17.690 [main] INFO org.springframework.boot.test.context.SpringBootTestContextBootstrapper - Found @SpringBootConfiguration com.in28minutes.microservices.netflixzuulapigatewayserver.NetflixZuulApiGatewayServerApplication for test class com.in28minutes.microservices.netflixzuulapigatewayserver.NetflixZuulApiGatewayServerApplicationTests
22:12:17.869 [main] DEBUG org.springframework.boot.test.context.SpringBootTestContextBootstrapper - @TestExecutionListeners is not present for class [com.in28minutes.microservices.netflixzuulapigatewayserver.NetflixZuulApiGatewayServerApplicationTests]: using defaults.
22:12:17.870 [main] INFO org.springframework.boot.test.context.SpringBootTestContextBootstrapper - Loaded default TestExecutionListener class names from location [META-INF/spring.factories]: [org.springframework.boot.test.mock.mockito.MockitoTestExecutionListener, org.springframework.boot.test.mock.mockito.ResetMocksTestExecutionListener, org.springframework.boot.test.autoconfigure.restdocs.RestDocsTestExecutionListener, org.springframework.boot.test.autoconfigure.web.client.MockRestServiceServerResetTestExecutionListener, org.springframework.boot.test.autoconfigure.web.servlet.MockMvcPrintOnlyOnFailureTestExecutionListener, org.springframework.boot.test.autoconfigure.web.servlet.WebDriverTestExecutionListener, org.springframework.boot.test.autoconfigure.webservices.client.MockWebServiceServerTestExecutionListener, org.springframework.test.context.web.ServletTestExecutionListener, org.springframework.test.context.support.DirtiesContextBeforeModesTestExecutionListener, org.springframework.test.context.support.DependencyInjectionTestExecutionListener, org.springframework.test.context.support.DirtiesContextTestExecutionListener, org.springframework.test.context.transaction.TransactionalTestExecutionListener, org.springframework.test.context.jdbc.SqlScriptsTestExecutionListener, org.springframework.test.context.event.EventPublishingTestExecutionListener]
22:12:17.915 [main] INFO org.springframework.boot.test.context.SpringBootTestContextBootstrapper - Using TestExecutionListeners: [org.springframework.test.context.web.ServletTestExecutionListener@6a4f1a55, org.springframework.test.context.support.DirtiesContextBeforeModesTestExecutionListener@7dfd3c81, org.springframework.boot.test.mock.mockito.MockitoTestExecutionListener@2584b82d, org.springframework.boot.test.autoconfigure.SpringBootDependencyInjectionTestExecutionListener@7bbc8656, org.springframework.test.context.support.DirtiesContextTestExecutionListener@6933b6c6, org.springframework.test.context.transaction.TransactionalTestExecutionListener@7d3e8655, org.springframework.test.context.jdbc.SqlScriptsTestExecutionListener@7dfb0c0f, org.springframework.test.context.event.EventPublishingTestExecutionListener@626abbd0, org.springframework.boot.test.mock.mockito.ResetMocksTestExecutionListener@169bb4dd, org.springframework.boot.test.autoconfigure.restdocs.RestDocsTestExecutionListener@1f9e9475, org.springframework.boot.test.autoconfigure.web.client.MockRestServiceServerResetTestExecutionListener@3aa078fd, org.springframework.boot.test.autoconfigure.web.servlet.MockMvcPrintOnlyOnFailureTestExecutionListener@d23e042, org.springframework.boot.test.autoconfigure.web.servlet.WebDriverTestExecutionListener@46d59067, org.springframework.boot.test.autoconfigure.webservices.client.MockWebServiceServerTestExecutionListener@2d0399f4]
22:12:17.920 [main] DEBUG org.springframework.test.annotation.ProfileValueUtils - Retrieved @ProfileValueSourceConfiguration [null] for test class [com.in28minutes.microservices.netflixzuulapigatewayserver.NetflixZuulApiGatewayServerApplicationTests]
22:12:17.922 [main] DEBUG org.springframework.test.annotation.ProfileValueUtils - Retrieved ProfileValueSource type [class org.springframework.test.annotation.SystemProfileValueSource] for class [com.in28minutes.microservices.netflixzuulapigatewayserver.NetflixZuulApiGatewayServerApplicationTests]
22:12:17.925 [main] DEBUG org.springframework.test.annotation.ProfileValueUtils - Retrieved @ProfileValueSourceConfiguration [null] for test class [com.in28minutes.microservices.netflixzuulapigatewayserver.NetflixZuulApiGatewayServerApplicationTests]
22:12:17.925 [main] DEBUG org.springframework.test.annotation.ProfileValueUtils - Retrieved ProfileValueSource type [class org.springframework.test.annotation.SystemProfileValueSource] for class [com.in28minutes.microservices.netflixzuulapigatewayserver.NetflixZuulApiGatewayServerApplicationTests]
22:12:17.932 [main] DEBUG org.springframework.test.annotation.ProfileValueUtils - Retrieved @ProfileValueSourceConfiguration [null] for test class [com.in28minutes.microservices.netflixzuulapigatewayserver.NetflixZuulApiGatewayServerApplicationTests]
22:12:17.932 [main] DEBUG org.springframework.test.annotation.ProfileValueUtils - Retrieved ProfileValueSource type [class org.springframework.test.annotation.SystemProfileValueSource] for class [com.in28minutes.microservices.netflixzuulapigatewayserver.NetflixZuulApiGatewayServerApplicationTests]
22:12:17.992 [main] DEBUG org.springframework.test.context.junit4.SpringJUnit4ClassRunner - SpringJUnit4ClassRunner constructor called with [class com.in28minutes.microservices.netflixzuulapigatewayserver.NetflixZuulApiGatewayServerApplicationTests]
22:12:17.993 [main] DEBUG org.springframework.test.context.BootstrapUtils - Instantiating CacheAwareContextLoaderDelegate from class [org.springframework.test.context.cache.DefaultCacheAwareContextLoaderDelegate]
22:12:17.993 [main] DEBUG org.springframework.test.context.BootstrapUtils - Instantiating BootstrapContext using constructor [public org.springframework.test.context.support.DefaultBootstrapContext(java.lang.Class,org.springframework.test.context.CacheAwareContextLoaderDelegate)]
22:12:17.994 [main] DEBUG org.springframework.test.context.BootstrapUtils - Instantiating TestContextBootstrapper for test class [com.in28minutes.microservices.netflixzuulapigatewayserver.NetflixZuulApiGatewayServerApplicationTests] from class [org.springframework.boot.test.context.SpringBootTestContextBootstrapper]
22:12:17.996 [main] INFO org.springframework.boot.test.context.SpringBootTestContextBootstrapper - Neither @ContextConfiguration nor @ContextHierarchy found for test class [com.in28minutes.microservices.netflixzuulapigatewayserver.NetflixZuulApiGatewayServerApplicationTests], using SpringBootContextLoader
22:12:17.998 [main] DEBUG org.springframework.test.context.support.AbstractContextLoader - Did not detect default resource location for test class [com.in28minutes.microservices.netflixzuulapigatewayserver.NetflixZuulApiGatewayServerApplicationTests]: class path resource [com/in28minutes/microservices/netflixzuulapigatewayserver/NetflixZuulApiGatewayServerApplicationTests-context.xml] does not exist
22:12:18.000 [main] DEBUG org.springframework.test.context.support.AbstractContextLoader - Did not detect default resource location for test class [com.in28minutes.microservices.netflixzuulapigatewayserver.NetflixZuulApiGatewayServerApplicationTests]: class path resource [com/in28minutes/microservices/netflixzuulapigatewayserver/NetflixZuulApiGatewayServerApplicationTestsContext.groovy] does not exist
22:12:18.001 [main] INFO org.springframework.test.context.support.AbstractContextLoader - Could not detect default resource locations for test class [com.in28minutes.microservices.netflixzuulapigatewayserver.NetflixZuulApiGatewayServerApplicationTests]: no resource found for suffixes {-context.xml, Context.groovy}.
22:12:18.001 [main] INFO org.springframework.test.context.support.AnnotationConfigContextLoaderUtils - Could not detect default configuration classes for test class [com.in28minutes.microservices.netflixzuulapigatewayserver.NetflixZuulApiGatewayServerApplicationTests]: NetflixZuulApiGatewayServerApplicationTests does not declare any static, non-private, non-final, nested classes annotated with @Configuration.
22:12:18.007 [main] DEBUG org.springframework.test.context.support.ActiveProfilesUtils - Could not find an 'annotation declaring class' for annotation type [org.springframework.test.context.ActiveProfiles] and class [com.in28minutes.microservices.netflixzuulapigatewayserver.NetflixZuulApiGatewayServerApplicationTests]
22:12:18.009 [main] INFO org.springframework.boot.test.context.SpringBootTestContextBootstrapper - Found @SpringBootConfiguration com.in28minutes.microservices.netflixzuulapigatewayserver.NetflixZuulApiGatewayServerApplication for test class com.in28minutes.microservices.netflixzuulapigatewayserver.NetflixZuulApiGatewayServerApplicationTests
22:12:18.019 [main] DEBUG org.springframework.boot.test.context.SpringBootTestContextBootstrapper - @TestExecutionListeners is not present for class [com.in28minutes.microservices.netflixzuulapigatewayserver.NetflixZuulApiGatewayServerApplicationTests]: using defaults.
22:12:18.020 [main] INFO org.springframework.boot.test.context.SpringBootTestContextBootstrapper - Loaded default TestExecutionListener class names from location [META-INF/spring.factories]: [org.springframework.boot.test.mock.mockito.MockitoTestExecutionListener, org.springframework.boot.test.mock.mockito.ResetMocksTestExecutionListener, org.springframework.boot.test.autoconfigure.restdocs.RestDocsTestExecutionListener, org.springframework.boot.test.autoconfigure.web.client.MockRestServiceServerResetTestExecutionListener, org.springframework.boot.test.autoconfigure.web.servlet.MockMvcPrintOnlyOnFailureTestExecutionListener, org.springframework.boot.test.autoconfigure.web.servlet.WebDriverTestExecutionListener, org.springframework.boot.test.autoconfigure.webservices.client.MockWebServiceServerTestExecutionListener, org.springframework.test.context.web.ServletTestExecutionListener, org.springframework.test.context.support.DirtiesContextBeforeModesTestExecutionListener, org.springframework.test.context.support.DependencyInjectionTestExecutionListener, org.springframework.test.context.support.DirtiesContextTestExecutionListener, org.springframework.test.context.transaction.TransactionalTestExecutionListener, org.springframework.test.context.jdbc.SqlScriptsTestExecutionListener, org.springframework.test.context.event.EventPublishingTestExecutionListener]
22:12:18.023 [main] INFO org.springframework.boot.test.context.SpringBootTestContextBootstrapper - Using TestExecutionListeners: [org.springframework.test.context.web.ServletTestExecutionListener@536dbea0, org.springframework.test.context.support.DirtiesContextBeforeModesTestExecutionListener@47c81abf, org.springframework.boot.test.mock.mockito.MockitoTestExecutionListener@776a6d9b, org.springframework.boot.test.autoconfigure.SpringBootDependencyInjectionTestExecutionListener@21d03963, org.springframework.test.context.support.DirtiesContextTestExecutionListener@1f760b47, org.springframework.test.context.transaction.TransactionalTestExecutionListener@18ece7f4, org.springframework.test.context.jdbc.SqlScriptsTestExecutionListener@3cce57c7, org.springframework.test.context.event.EventPublishingTestExecutionListener@1cf56a1c, org.springframework.boot.test.mock.mockito.ResetMocksTestExecutionListener@33f676f6, org.springframework.boot.test.autoconfigure.restdocs.RestDocsTestExecutionListener@4c5ae43b, org.springframework.boot.test.autoconfigure.web.client.MockRestServiceServerResetTestExecutionListener@264f218, org.springframework.boot.test.autoconfigure.web.servlet.MockMvcPrintOnlyOnFailureTestExecutionListener@3576ddc2, org.springframework.boot.test.autoconfigure.web.servlet.WebDriverTestExecutionListener@35b74c5c, org.springframework.boot.test.autoconfigure.webservices.client.MockWebServiceServerTestExecutionListener@2e570ded]
22:12:18.024 [main] DEBUG org.springframework.test.annotation.ProfileValueUtils - Retrieved @ProfileValueSourceConfiguration [null] for test class [com.in28minutes.microservices.netflixzuulapigatewayserver.NetflixZuulApiGatewayServerApplicationTests]
22:12:18.024 [main] DEBUG org.springframework.test.annotation.ProfileValueUtils - Retrieved ProfileValueSource type [class org.springframework.test.annotation.SystemProfileValueSource] for class [com.in28minutes.microservices.netflixzuulapigatewayserver.NetflixZuulApiGatewayServerApplicationTests]
22:12:18.025 [main] DEBUG org.springframework.test.annotation.ProfileValueUtils - Retrieved @ProfileValueSourceConfiguration [null] for test class [com.in28minutes.microservices.netflixzuulapigatewayserver.NetflixZuulApiGatewayServerApplicationTests]
22:12:18.025 [main] DEBUG org.springframework.test.annotation.ProfileValueUtils - Retrieved ProfileValueSource type [class org.springframework.test.annotation.SystemProfileValueSource] for class [com.in28minutes.microservices.netflixzuulapigatewayserver.NetflixZuulApiGatewayServerApplicationTests]
22:12:18.026 [main] DEBUG org.springframework.test.annotation.ProfileValueUtils - Retrieved @ProfileValueSourceConfiguration [null] for test class [com.in28minutes.microservices.netflixzuulapigatewayserver.NetflixZuulApiGatewayServerApplicationTests]
22:12:18.027 [main] DEBUG org.springframework.test.annotation.ProfileValueUtils - Retrieved ProfileValueSource type [class org.springframework.test.annotation.SystemProfileValueSource] for class [com.in28minutes.microservices.netflixzuulapigatewayserver.NetflixZuulApiGatewayServerApplicationTests]
22:12:18.178 [main] DEBUG org.springframework.test.annotation.ProfileValueUtils - Retrieved @ProfileValueSourceConfiguration [null] for test class [com.in28minutes.microservices.netflixzuulapigatewayserver.NetflixZuulApiGatewayServerApplicationTests]
22:12:18.178 [main] DEBUG org.springframework.test.annotation.ProfileValueUtils - Retrieved ProfileValueSource type [class org.springframework.test.annotation.SystemProfileValueSource] for class [com.in28minutes.microservices.netflixzuulapigatewayserver.NetflixZuulApiGatewayServerApplicationTests]
22:12:18.190 [main] DEBUG org.springframework.test.annotation.ProfileValueUtils - Retrieved @ProfileValueSourceConfiguration [null] for test class [com.in28minutes.microservices.netflixzuulapigatewayserver.NetflixZuulApiGatewayServerApplicationTests]
22:12:18.191 [main] DEBUG org.springframework.test.annotation.ProfileValueUtils - Retrieved ProfileValueSource type [class org.springframework.test.annotation.SystemProfileValueSource] for class [com.in28minutes.microservices.netflixzuulapigatewayserver.NetflixZuulApiGatewayServerApplicationTests]
22:12:18.192 [main] DEBUG org.springframework.test.annotation.ProfileValueUtils - Retrieved @ProfileValueSourceConfiguration [null] for test class [com.in28minutes.microservices.netflixzuulapigatewayserver.NetflixZuulApiGatewayServerApplicationTests]
22:12:18.192 [main] DEBUG org.springframework.test.annotation.ProfileValueUtils - Retrieved ProfileValueSource type [class org.springframework.test.annotation.SystemProfileValueSource] for class [com.in28minutes.microservices.netflixzuulapigatewayserver.NetflixZuulApiGatewayServerApplicationTests]
22:12:18.209 [main] DEBUG org.springframework.test.context.support.AbstractDirtiesContextTestExecutionListener - Before test class: context [DefaultTestContext@5cdec700 testClass = NetflixZuulApiGatewayServerApplicationTests, testInstance = [null], testMethod = [null], testException = [null], mergedContextConfiguration = [WebMergedContextConfiguration@6d026701 testClass = NetflixZuulApiGatewayServerApplicationTests, locations = '{}', classes = '{class com.in28minutes.microservices.netflixzuulapigatewayserver.NetflixZuulApiGatewayServerApplication}', contextInitializerClasses = '[]', activeProfiles = '{}', propertySourceLocations = '{}', propertySourceProperties = '{org.springframework.boot.test.context.SpringBootTestContextBootstrapper=true}', contextCustomizers = set[org.springframework.boot.test.context.filter.ExcludeFilterContextCustomizer@52bf72b5, org.springframework.boot.test.json.DuplicateJsonObjectContextCustomizerFactory$DuplicateJsonObjectContextCustomizer@dd8ba08, org.springframework.boot.test.mock.mockito.MockitoContextCustomizer@0, org.springframework.boot.test.web.client.TestRestTemplateContextCustomizer@57a3af25, org.springframework.boot.test.autoconfigure.properties.PropertyMappingContextCustomizer@0, org.springframework.boot.test.autoconfigure.web.servlet.WebDriverContextCustomizerFactory$Customizer@f6efaab, org.springframework.boot.test.context.SpringBootTestArgs@1], resourceBasePath = 'src/main/webapp', contextLoader = 'org.springframework.boot.test.context.SpringBootContextLoader', parent = [null]], attributes = map['org.springframework.test.context.web.ServletTestExecutionListener.activateListener' -> true]], class annotated with @DirtiesContext [false] with mode [null].
22:12:18.218 [main] DEBUG org.springframework.test.annotation.ProfileValueUtils - Retrieved @ProfileValueSourceConfiguration [null] for test class [com.in28minutes.microservices.netflixzuulapigatewayserver.NetflixZuulApiGatewayServerApplicationTests]
22:12:18.218 [main] DEBUG org.springframework.test.annotation.ProfileValueUtils - Retrieved ProfileValueSource type [class org.springframework.test.annotation.SystemProfileValueSource] for class [com.in28minutes.microservices.netflixzuulapigatewayserver.NetflixZuulApiGatewayServerApplicationTests]
22:12:18.294 [main] DEBUG org.springframework.test.context.support.TestPropertySourceUtils - Adding inlined properties to environment: {spring.jmx.enabled=false, org.springframework.boot.test.context.SpringBootTestContextBootstrapper=true}

  .   ____          _            __ _ _
 /\\ / ___'_ __ _ _(_)_ __  __ _ \ \ \ \
( ( )\___ | '_ | '_| | '_ \/ _` | \ \ \ \
 \\/  ___)| |_)| | | | | || (_| |  ) ) ) )
  '  |____| .__|_| |_|_| |_\__, | / / / /
 =========|_|==============|___/=/_/_/_/
 :: Spring Boot ::        (v2.3.1.RELEASE)

2022-03-22 22:12:20.832  INFO [netflix-zuul-api-gateway-server,,,] 16248 --- [           main] flixZuulApiGatewayServerApplicationTests : No active profile set, falling back to default profiles: default
2022-03-22 22:12:22.848  WARN [netflix-zuul-api-gateway-server,,,] 16248 --- [           main] o.s.boot.actuate.endpoint.EndpointId     : Endpoint ID 'bus-env' contains invalid characters, please migrate to a valid format.
2022-03-22 22:12:23.229  WARN [netflix-zuul-api-gateway-server,,,] 16248 --- [           main] o.s.boot.actuate.endpoint.EndpointId     : Endpoint ID 'bus-refresh' contains invalid characters, please migrate to a valid format.
2022-03-22 22:12:23.384  WARN [netflix-zuul-api-gateway-server,,,] 16248 --- [           main] o.s.boot.actuate.endpoint.EndpointId     : Endpoint ID 'service-registry' contains invalid characters, please migrate to a valid format.
2022-03-22 22:12:23.659  WARN [netflix-zuul-api-gateway-server,,,] 16248 --- [           main] o.s.boot.actuate.endpoint.EndpointId     : Endpoint ID 'hystrix.stream' contains invalid characters, please migrate to a valid format.
2022-03-22 22:12:24.262  INFO [netflix-zuul-api-gateway-server,,,] 16248 --- [           main] o.s.cloud.context.scope.GenericScope     : BeanFactory id=d27bdef7-94af-3173-a80c-243cbd86d152
2022-03-22 22:12:24.647  INFO [netflix-zuul-api-gateway-server,,,] 16248 --- [           main] faultConfiguringBeanFactoryPostProcessor : No bean named 'errorChannel' has been explicitly defined. Therefore, a default PublishSubscribeChannel will be created.
2022-03-22 22:12:24.656  INFO [netflix-zuul-api-gateway-server,,,] 16248 --- [           main] faultConfiguringBeanFactoryPostProcessor : No bean named 'taskScheduler' has been explicitly defined. Therefore, a default ThreadPoolTaskScheduler will be created.
2022-03-22 22:12:24.669  INFO [netflix-zuul-api-gateway-server,,,] 16248 --- [           main] faultConfiguringBeanFactoryPostProcessor : No bean named 'integrationHeaderChannelRegistry' has been explicitly defined. Therefore, a default DefaultHeaderChannelRegistry will be created.
2022-03-22 22:12:24.760  INFO [netflix-zuul-api-gateway-server,,,] 16248 --- [           main] trationDelegate$BeanPostProcessorChecker : Bean 'io.opentracing.contrib.spring.cloud.async.DefaultAsyncAutoConfiguration$DefaultTracedAsyncConfigurerSupport' of type [io.opentracing.contrib.spring.cloud.async.DefaultAsyncAutoConfiguration$DefaultTracedAsyncConfigurerSupport$$EnhancerBySpringCGLIB$$25a28d45] is not eligible for getting processed by all BeanPostProcessors (for example: not eligible for auto-proxying)
2022-03-22 22:12:25.316  INFO [netflix-zuul-api-gateway-server,,,] 16248 --- [           main] trationDelegate$BeanPostProcessorChecker : Bean 'io.opentracing.contrib.spring.rabbitmq.RabbitMqTracingAutoConfiguration' of type [io.opentracing.contrib.spring.rabbitmq.RabbitMqTracingAutoConfiguration$$EnhancerBySpringCGLIB$$24255e94] is not eligible for getting processed by all BeanPostProcessors (for example: not eligible for auto-proxying)
2022-03-22 22:12:25.354  INFO [netflix-zuul-api-gateway-server,,,] 16248 --- [           main] trationDelegate$BeanPostProcessorChecker : Bean 'rabbitMqSpanDecorator' of type [io.opentracing.contrib.spring.rabbitmq.RabbitMqSpanDecorator] is not eligible for getting processed by all BeanPostProcessors (for example: not eligible for auto-proxying)
2022-03-22 22:12:25.384  INFO [netflix-zuul-api-gateway-server,,,] 16248 --- [           main] trationDelegate$BeanPostProcessorChecker : Bean 'rabbitMqReceiveTracingInterceptor' of type [io.opentracing.contrib.spring.rabbitmq.RabbitMqReceiveTracingInterceptor] is not eligible for getting processed by all BeanPostProcessors (for example: not eligible for auto-proxying)
2022-03-22 22:12:25.466  INFO [netflix-zuul-api-gateway-server,,,] 16248 --- [           main] trationDelegate$BeanPostProcessorChecker : Bean 'integrationChannelResolver' of type [org.springframework.integration.support.channel.BeanFactoryChannelResolver] is not eligible for getting processed by all BeanPostProcessors (for example: not eligible for auto-proxying)
2022-03-22 22:12:25.479  INFO [netflix-zuul-api-gateway-server,,,] 16248 --- [           main] trationDelegate$BeanPostProcessorChecker : Bean 'integrationDisposableAutoCreatedBeans' of type [org.springframework.integration.config.annotation.Disposables] is not eligible for getting processed by all BeanPostProcessors (for example: not eligible for auto-proxying)
2022-03-22 22:12:25.586  INFO [netflix-zuul-api-gateway-server,,,] 16248 --- [           main] trationDelegate$BeanPostProcessorChecker : Bean 'org.springframework.integration.config.IntegrationManagementConfiguration' of type [org.springframework.integration.config.IntegrationManagementConfiguration] is not eligible for getting processed by all BeanPostProcessors (for example: not eligible for auto-proxying)
2022-03-22 22:12:26.735  WARN [netflix-zuul-api-gateway-server,,,] 16248 --- [           main] c.n.c.sources.URLConfigurationSource     : No URLs will be polled as dynamic configuration sources.
2022-03-22 22:12:26.736  INFO [netflix-zuul-api-gateway-server,,,] 16248 --- [           main] c.n.c.sources.URLConfigurationSource     : To enable URLs as dynamic configuration sources, define System property archaius.configurationSource.additionalUrls or make config.properties available on classpath.
2022-03-22 22:12:26.753  WARN [netflix-zuul-api-gateway-server,,,] 16248 --- [           main] c.n.c.sources.URLConfigurationSource     : No URLs will be polled as dynamic configuration sources.
2022-03-22 22:12:26.753  INFO [netflix-zuul-api-gateway-server,,,] 16248 --- [           main] c.n.c.sources.URLConfigurationSource     : To enable URLs as dynamic configuration sources, define System property archaius.configurationSource.additionalUrls or make config.properties available on classpath.
2022-03-22 22:12:27.167  WARN [netflix-zuul-api-gateway-server,,,] 16248 --- [           main] o.s.w.c.s.GenericWebApplicationContext   : Exception encountered during context initialization - cancelling refresh attempt: org.springframework.beans.factory.UnsatisfiedDependencyException: Error creating bean with name 'org.springframework.boot.autoconfigure.web.servlet.WebMvcAutoConfiguration$EnableWebMvcConfiguration': Unsatisfied dependency expressed through method 'setConfigurers' parameter 0; nested exception is org.springframework.beans.factory.UnsatisfiedDependencyException: Error creating bean with name 'tracingHandlerInterceptor' defined in class path resource [io/opentracing/contrib/spring/web/starter/ServerTracingAutoConfiguration.class]: Unsatisfied dependency expressed through method 'tracingHandlerInterceptor' parameter 0; nested exception is org.springframework.beans.factory.NoSuchBeanDefinitionException: No qualifying bean of type 'io.opentracing.Tracer' available: expected at least 1 bean which qualifies as autowire candidate. Dependency annotations: {}
2022-03-22 22:12:27.206  WARN [netflix-zuul-api-gateway-server,,,] 16248 --- [           main] c.n.c.sources.URLConfigurationSource     : No URLs will be polled as dynamic configuration sources.
2022-03-22 22:12:27.207  INFO [netflix-zuul-api-gateway-server,,,] 16248 --- [           main] c.n.c.sources.URLConfigurationSource     : To enable URLs as dynamic configuration sources, define System property archaius.configurationSource.additionalUrls or make config.properties available on classpath.
2022-03-22 22:12:27.242  INFO [netflix-zuul-api-gateway-server,,,] 16248 --- [           main] ConditionEvaluationReportLoggingListener : 

Error starting ApplicationContext. To display the conditions report re-run your application with 'debug' enabled.
2022-03-22 22:12:27.602 ERROR [netflix-zuul-api-gateway-server,,,] 16248 --- [           main] o.s.b.d.LoggingFailureAnalysisReporter   : 

***************************
APPLICATION FAILED TO START
***************************

Description:

Parameter 0 of method tracingHandlerInterceptor in io.opentracing.contrib.spring.web.starter.ServerTracingAutoConfiguration required a bean of type 'io.opentracing.Tracer' that could not be found.

The following candidates were found but could not be injected:
	- Bean method 'getTracer' in 'TracerAutoConfiguration' not loaded because @ConditionalOnMissingBean (types: io.opentracing.Tracer; SearchStrategy: all) found beans of type 'io.opentracing.Tracer' tracer
	- Bean method 'sleuthOpenTracing' in 'OpentracingAutoConfiguration' not loaded because @ConditionalOnClass did not find required class 'brave.opentracing.BraveTracer'


Action:

Consider revisiting the entries above or defining a bean of type 'io.opentracing.Tracer' in your configuration.

2022-03-22 22:12:27.616 ERROR [netflix-zuul-api-gateway-server,,,] 16248 --- [           main] o.s.test.context.TestContextManager      : Caught exception while allowing TestExecutionListener [org.springframework.test.context.web.ServletTestExecutionListener@536dbea0] to prepare test instance [com.in28minutes.microservices.netflixzuulapigatewayserver.NetflixZuulApiGatewayServerApplicationTests@1b6e32ee]

java.lang.IllegalStateException: Failed to load ApplicationContext
	at org.springframework.test.context.cache.DefaultCacheAwareContextLoaderDelegate.loadContext(DefaultCacheAwareContextLoaderDelegate.java:132) ~[spring-test-5.2.7.RELEASE.jar:5.2.7.RELEASE]
	at org.springframework.test.context.support.DefaultTestContext.getApplicationContext(DefaultTestContext.java:123) ~[spring-test-5.2.7.RELEASE.jar:5.2.7.RELEASE]
	at org.springframework.test.context.web.ServletTestExecutionListener.setUpRequestContextIfNecessary(ServletTestExecutionListener.java:190) ~[spring-test-5.2.7.RELEASE.jar:5.2.7.RELEASE]
	at org.springframework.test.context.web.ServletTestExecutionListener.prepareTestInstance(ServletTestExecutionListener.java:132) ~[spring-test-5.2.7.RELEASE.jar:5.2.7.RELEASE]
	at org.springframework.test.context.TestContextManager.prepareTestInstance(TestContextManager.java:244) ~[spring-test-5.2.7.RELEASE.jar:5.2.7.RELEASE]
	at org.springframework.test.context.junit4.SpringJUnit4ClassRunner.createTest(SpringJUnit4ClassRunner.java:227) [spring-test-5.2.7.RELEASE.jar:5.2.7.RELEASE]
	at org.springframework.test.context.junit4.SpringJUnit4ClassRunner$1.runReflectiveCall(SpringJUnit4ClassRunner.java:289) [spring-test-5.2.7.RELEASE.jar:5.2.7.RELEASE]
	at org.junit.internal.runners.model.ReflectiveCallable.run(ReflectiveCallable.java:12) [junit-4.13.jar:4.13]
	at org.springframework.test.context.junit4.SpringJUnit4ClassRunner.methodBlock(SpringJUnit4ClassRunner.java:291) [spring-test-5.2.7.RELEASE.jar:5.2.7.RELEASE]
	at org.springframework.test.context.junit4.SpringJUnit4ClassRunner.runChild(SpringJUnit4ClassRunner.java:246) [spring-test-5.2.7.RELEASE.jar:5.2.7.RELEASE]
	at org.springframework.test.context.junit4.SpringJUnit4ClassRunner.runChild(SpringJUnit4ClassRunner.java:97) [spring-test-5.2.7.RELEASE.jar:5.2.7.RELEASE]
	at org.junit.runners.ParentRunner$4.run(ParentRunner.java:331) [junit-4.13.jar:4.13]
	at org.junit.runners.ParentRunner$1.schedule(ParentRunner.java:79) [junit-4.13.jar:4.13]
	at org.junit.runners.ParentRunner.runChildren(ParentRunner.java:329) [junit-4.13.jar:4.13]
	at org.junit.runners.ParentRunner.access$100(ParentRunner.java:66) [junit-4.13.jar:4.13]
	at org.junit.runners.ParentRunner$2.evaluate(ParentRunner.java:293) [junit-4.13.jar:4.13]
	at org.springframework.test.context.junit4.statements.RunBeforeTestClassCallbacks.evaluate(RunBeforeTestClassCallbacks.java:61) [spring-test-5.2.7.RELEASE.jar:5.2.7.RELEASE]
	at org.springframework.test.context.junit4.statements.RunAfterTestClassCallbacks.evaluate(RunAfterTestClassCallbacks.java:70) [spring-test-5.2.7.RELEASE.jar:5.2.7.RELEASE]
	at org.junit.runners.ParentRunner$3.evaluate(ParentRunner.java:306) [junit-4.13.jar:4.13]
	at org.junit.runners.ParentRunner.run(ParentRunner.java:413) [junit-4.13.jar:4.13]
	at org.springframework.test.context.junit4.SpringJUnit4ClassRunner.run(SpringJUnit4ClassRunner.java:190) [spring-test-5.2.7.RELEASE.jar:5.2.7.RELEASE]
	at org.junit.runner.JUnitCore.run(JUnitCore.java:137) [junit-4.13.jar:4.13]
	at org.junit.runner.JUnitCore.run(JUnitCore.java:115) [junit-4.13.jar:4.13]
	at org.junit.vintage.engine.execution.RunnerExecutor.execute(RunnerExecutor.java:43) [junit-vintage-engine-5.6.2.jar:5.6.2]
	at java.util.stream.ForEachOps$ForEachOp$OfRef.accept(ForEachOps.java:184) ~[na:1.8.0_202]
	at java.util.stream.ReferencePipeline$3$1.accept(ReferencePipeline.java:193) ~[na:1.8.0_202]
	at java.util.Iterator.forEachRemaining(Iterator.java:116) ~[na:1.8.0_202]
	at java.util.Spliterators$IteratorSpliterator.forEachRemaining(Spliterators.java:1801) ~[na:1.8.0_202]
	at java.util.stream.AbstractPipeline.copyInto(AbstractPipeline.java:481) ~[na:1.8.0_202]
	at java.util.stream.AbstractPipeline.wrapAndCopyInto(AbstractPipeline.java:471) ~[na:1.8.0_202]
	at java.util.stream.ForEachOps$ForEachOp.evaluateSequential(ForEachOps.java:151) ~[na:1.8.0_202]
	at java.util.stream.ForEachOps$ForEachOp$OfRef.evaluateSequential(ForEachOps.java:174) ~[na:1.8.0_202]
	at java.util.stream.AbstractPipeline.evaluate(AbstractPipeline.java:234) ~[na:1.8.0_202]
	at java.util.stream.ReferencePipeline.forEach(ReferencePipeline.java:418) ~[na:1.8.0_202]
	at org.junit.vintage.engine.VintageTestEngine.executeAllChildren(VintageTestEngine.java:82) ~[junit-vintage-engine-5.6.2.jar:5.6.2]
	at org.junit.vintage.engine.VintageTestEngine.execute(VintageTestEngine.java:73) ~[junit-vintage-engine-5.6.2.jar:5.6.2]
	at org.junit.platform.launcher.core.DefaultLauncher.execute(DefaultLauncher.java:220) ~[junit-platform-launcher-1.3.1.jar:1.3.1]
	at org.junit.platform.launcher.core.DefaultLauncher.lambda$execute$6(DefaultLauncher.java:188) ~[junit-platform-launcher-1.3.1.jar:1.3.1]
	at org.junit.platform.launcher.core.DefaultLauncher.withInterceptedStreams(DefaultLauncher.java:202) ~[junit-platform-launcher-1.3.1.jar:1.3.1]
	at org.junit.platform.launcher.core.DefaultLauncher.execute(DefaultLauncher.java:181) ~[junit-platform-launcher-1.3.1.jar:1.3.1]
	at org.junit.platform.launcher.core.DefaultLauncher.execute(DefaultLauncher.java:128) ~[junit-platform-launcher-1.3.1.jar:1.3.1]
	at org.apache.maven.surefire.junitplatform.JUnitPlatformProvider.invokeAllTests(JUnitPlatformProvider.java:150) ~[surefire-junit-platform-2.22.2.jar:2.22.2]
	at org.apache.maven.surefire.junitplatform.JUnitPlatformProvider.invoke(JUnitPlatformProvider.java:124) ~[surefire-junit-platform-2.22.2.jar:2.22.2]
	at org.apache.maven.surefire.booter.ForkedBooter.invokeProviderInSameClassLoader(ForkedBooter.java:384) ~[surefire-booter-2.22.2.jar:2.22.2]
	at org.apache.maven.surefire.booter.ForkedBooter.runSuitesInProcess(ForkedBooter.java:345) ~[surefire-booter-2.22.2.jar:2.22.2]
	at org.apache.maven.surefire.booter.ForkedBooter.execute(ForkedBooter.java:126) ~[surefire-booter-2.22.2.jar:2.22.2]
	at org.apache.maven.surefire.booter.ForkedBooter.main(ForkedBooter.java:418) ~[surefire-booter-2.22.2.jar:2.22.2]
Caused by: org.springframework.beans.factory.UnsatisfiedDependencyException: Error creating bean with name 'org.springframework.boot.autoconfigure.web.servlet.WebMvcAutoConfiguration$EnableWebMvcConfiguration': Unsatisfied dependency expressed through method 'setConfigurers' parameter 0; nested exception is org.springframework.beans.factory.UnsatisfiedDependencyException: Error creating bean with name 'tracingHandlerInterceptor' defined in class path resource [io/opentracing/contrib/spring/web/starter/ServerTracingAutoConfiguration.class]: Unsatisfied dependency expressed through method 'tracingHandlerInterceptor' parameter 0; nested exception is org.springframework.beans.factory.NoSuchBeanDefinitionException: No qualifying bean of type 'io.opentracing.Tracer' available: expected at least 1 bean which qualifies as autowire candidate. Dependency annotations: {}
	at org.springframework.beans.factory.annotation.AutowiredAnnotationBeanPostProcessor$AutowiredMethodElement.inject(AutowiredAnnotationBeanPostProcessor.java:723) ~[spring-beans-5.2.7.RELEASE.jar:5.2.7.RELEASE]
	at org.springframework.beans.factory.annotation.InjectionMetadata.inject(InjectionMetadata.java:130) ~[spring-beans-5.2.7.RELEASE.jar:5.2.7.RELEASE]
	at org.springframework.beans.factory.annotation.AutowiredAnnotationBeanPostProcessor.postProcessProperties(AutowiredAnnotationBeanPostProcessor.java:399) ~[spring-beans-5.2.7.RELEASE.jar:5.2.7.RELEASE]
	at org.springframework.beans.factory.support.AbstractAutowireCapableBeanFactory.populateBean(AbstractAutowireCapableBeanFactory.java:1422) ~[spring-beans-5.2.7.RELEASE.jar:5.2.7.RELEASE]
	at org.springframework.beans.factory.support.AbstractAutowireCapableBeanFactory.doCreateBean(AbstractAutowireCapableBeanFactory.java:594) ~[spring-beans-5.2.7.RELEASE.jar:5.2.7.RELEASE]
	at org.springframework.beans.factory.support.AbstractAutowireCapableBeanFactory.createBean(AbstractAutowireCapableBeanFactory.java:517) ~[spring-beans-5.2.7.RELEASE.jar:5.2.7.RELEASE]
	at org.springframework.beans.factory.support.AbstractBeanFactory.lambda$doGetBean$0(AbstractBeanFactory.java:323) ~[spring-beans-5.2.7.RELEASE.jar:5.2.7.RELEASE]
	at org.springframework.beans.factory.support.DefaultSingletonBeanRegistry.getSingleton(DefaultSingletonBeanRegistry.java:226) ~[spring-beans-5.2.7.RELEASE.jar:5.2.7.RELEASE]
	at org.springframework.beans.factory.support.AbstractBeanFactory.doGetBean(AbstractBeanFactory.java:321) ~[spring-beans-5.2.7.RELEASE.jar:5.2.7.RELEASE]
	at org.springframework.beans.factory.support.AbstractBeanFactory.getBean(AbstractBeanFactory.java:202) ~[spring-beans-5.2.7.RELEASE.jar:5.2.7.RELEASE]
	at org.springframework.beans.factory.support.DefaultListableBeanFactory.preInstantiateSingletons(DefaultListableBeanFactory.java:893) ~[spring-beans-5.2.7.RELEASE.jar:5.2.7.RELEASE]
	at org.springframework.context.support.AbstractApplicationContext.finishBeanFactoryInitialization(AbstractApplicationContext.java:879) ~[spring-context-5.2.7.RELEASE.jar:5.2.7.RELEASE]
	at org.springframework.context.support.AbstractApplicationContext.refresh(AbstractApplicationContext.java:551) ~[spring-context-5.2.7.RELEASE.jar:5.2.7.RELEASE]
	at org.springframework.boot.SpringApplication.refresh(SpringApplication.java:758) ~[spring-boot-2.3.1.RELEASE.jar:2.3.1.RELEASE]
	at org.springframework.boot.SpringApplication.refresh(SpringApplication.java:750) ~[spring-boot-2.3.1.RELEASE.jar:2.3.1.RELEASE]
	at org.springframework.boot.SpringApplication.refreshContext(SpringApplication.java:397) ~[spring-boot-2.3.1.RELEASE.jar:2.3.1.RELEASE]
	at org.springframework.boot.SpringApplication.run(SpringApplication.java:315) ~[spring-boot-2.3.1.RELEASE.jar:2.3.1.RELEASE]
	at org.springframework.boot.test.context.SpringBootContextLoader.loadContext(SpringBootContextLoader.java:120) ~[spring-boot-test-2.3.1.RELEASE.jar:2.3.1.RELEASE]
	at org.springframework.test.context.cache.DefaultCacheAwareContextLoaderDelegate.loadContextInternal(DefaultCacheAwareContextLoaderDelegate.java:99) ~[spring-test-5.2.7.RELEASE.jar:5.2.7.RELEASE]
	at org.springframework.test.context.cache.DefaultCacheAwareContextLoaderDelegate.loadContext(DefaultCacheAwareContextLoaderDelegate.java:124) ~[spring-test-5.2.7.RELEASE.jar:5.2.7.RELEASE]
	... 46 common frames omitted
Caused by: org.springframework.beans.factory.UnsatisfiedDependencyException: Error creating bean with name 'tracingHandlerInterceptor' defined in class path resource [io/opentracing/contrib/spring/web/starter/ServerTracingAutoConfiguration.class]: Unsatisfied dependency expressed through method 'tracingHandlerInterceptor' parameter 0; nested exception is org.springframework.beans.factory.NoSuchBeanDefinitionException: No qualifying bean of type 'io.opentracing.Tracer' available: expected at least 1 bean which qualifies as autowire candidate. Dependency annotations: {}
	at org.springframework.beans.factory.support.ConstructorResolver.createArgumentArray(ConstructorResolver.java:797) ~[spring-beans-5.2.7.RELEASE.jar:5.2.7.RELEASE]
	at org.springframework.beans.factory.support.ConstructorResolver.instantiateUsingFactoryMethod(ConstructorResolver.java:538) ~[spring-beans-5.2.7.RELEASE.jar:5.2.7.RELEASE]
	at org.springframework.beans.factory.support.AbstractAutowireCapableBeanFactory.instantiateUsingFactoryMethod(AbstractAutowireCapableBeanFactory.java:1338) ~[spring-beans-5.2.7.RELEASE.jar:5.2.7.RELEASE]
	at org.springframework.beans.factory.support.AbstractAutowireCapableBeanFactory.createBeanInstance(AbstractAutowireCapableBeanFactory.java:1177) ~[spring-beans-5.2.7.RELEASE.jar:5.2.7.RELEASE]
	at org.springframework.beans.factory.support.AbstractAutowireCapableBeanFactory.doCreateBean(AbstractAutowireCapableBeanFactory.java:557) ~[spring-beans-5.2.7.RELEASE.jar:5.2.7.RELEASE]
	at org.springframework.beans.factory.support.AbstractAutowireCapableBeanFactory.createBean(AbstractAutowireCapableBeanFactory.java:517) ~[spring-beans-5.2.7.RELEASE.jar:5.2.7.RELEASE]
	at org.springframework.beans.factory.support.AbstractBeanFactory.lambda$doGetBean$0(AbstractBeanFactory.java:323) ~[spring-beans-5.2.7.RELEASE.jar:5.2.7.RELEASE]
	at org.springframework.beans.factory.support.DefaultSingletonBeanRegistry.getSingleton(DefaultSingletonBeanRegistry.java:226) ~[spring-beans-5.2.7.RELEASE.jar:5.2.7.RELEASE]
	at org.springframework.beans.factory.support.AbstractBeanFactory.doGetBean(AbstractBeanFactory.java:321) ~[spring-beans-5.2.7.RELEASE.jar:5.2.7.RELEASE]
	at org.springframework.beans.factory.support.AbstractBeanFactory.getBean(AbstractBeanFactory.java:202) ~[spring-beans-5.2.7.RELEASE.jar:5.2.7.RELEASE]
	at org.springframework.beans.factory.config.DependencyDescriptor.resolveCandidate(DependencyDescriptor.java:276) ~[spring-beans-5.2.7.RELEASE.jar:5.2.7.RELEASE]
	at org.springframework.beans.factory.support.DefaultListableBeanFactory.addCandidateEntry(DefaultListableBeanFactory.java:1522) ~[spring-beans-5.2.7.RELEASE.jar:5.2.7.RELEASE]
	at org.springframework.beans.factory.support.DefaultListableBeanFactory.findAutowireCandidates(DefaultListableBeanFactory.java:1486) ~[spring-beans-5.2.7.RELEASE.jar:5.2.7.RELEASE]
	at org.springframework.beans.factory.support.DefaultListableBeanFactory.resolveMultipleBeans(DefaultListableBeanFactory.java:1375) ~[spring-beans-5.2.7.RELEASE.jar:5.2.7.RELEASE]
	at org.springframework.beans.factory.support.DefaultListableBeanFactory.doResolveDependency(DefaultListableBeanFactory.java:1262) ~[spring-beans-5.2.7.RELEASE.jar:5.2.7.RELEASE]
	at org.springframework.beans.factory.support.DefaultListableBeanFactory.resolveDependency(DefaultListableBeanFactory.java:1224) ~[spring-beans-5.2.7.RELEASE.jar:5.2.7.RELEASE]
	at org.springframework.beans.factory.annotation.AutowiredAnnotationBeanPostProcessor$AutowiredMethodElement.inject(AutowiredAnnotationBeanPostProcessor.java:715) ~[spring-beans-5.2.7.RELEASE.jar:5.2.7.RELEASE]
	... 65 common frames omitted
Caused by: org.springframework.beans.factory.NoSuchBeanDefinitionException: No qualifying bean of type 'io.opentracing.Tracer' available: expected at least 1 bean which qualifies as autowire candidate. Dependency annotations: {}
	at org.springframework.beans.factory.support.DefaultListableBeanFactory.raiseNoMatchingBeanFound(DefaultListableBeanFactory.java:1714) ~[spring-beans-5.2.7.RELEASE.jar:5.2.7.RELEASE]
	at org.springframework.beans.factory.support.DefaultListableBeanFactory.doResolveDependency(DefaultListableBeanFactory.java:1270) ~[spring-beans-5.2.7.RELEASE.jar:5.2.7.RELEASE]
	at org.springframework.beans.factory.support.DefaultListableBeanFactory.resolveDependency(DefaultListableBeanFactory.java:1224) ~[spring-beans-5.2.7.RELEASE.jar:5.2.7.RELEASE]
	at org.springframework.beans.factory.support.ConstructorResolver.resolveAutowiredArgument(ConstructorResolver.java:884) ~[spring-beans-5.2.7.RELEASE.jar:5.2.7.RELEASE]
	at org.springframework.beans.factory.support.ConstructorResolver.createArgumentArray(ConstructorResolver.java:788) ~[spring-beans-5.2.7.RELEASE.jar:5.2.7.RELEASE]
	... 81 common frames omitted

]]></system-out>
  </testcase>
</testsuite>